{"C:\\Users\\KABUNDEGE\\Desktop\\server\\server\\tests\\bookings.spec.js":{"path":"C:\\Users\\KABUNDEGE\\Desktop\\server\\server\\tests\\bookings.spec.js","statementMap":{"0":{"start":{"line":3,"column":14},"end":{"line":3,"column":47}},"1":{"start":{"line":5,"column":15},"end":{"line":5,"column":46}},"2":{"start":{"line":7,"column":16},"end":{"line":7,"column":36}},"3":{"start":{"line":9,"column":17},"end":{"line":9,"column":50}},"4":{"start":{"line":11,"column":12},"end":{"line":11,"column":27}},"5":{"start":{"line":13,"column":13},"end":{"line":13,"column":42}},"6":{"start":{"line":15,"column":20},"end":{"line":15,"column":43}},"7":{"start":{"line":17,"column":21},"end":{"line":17,"column":58}},"8":{"start":{"line":19,"column":14},"end":{"line":19,"column":31}},"9":{"start":{"line":21,"column":15},"end":{"line":21,"column":46}},"10":{"start":{"line":23,"column":39},"end":{"line":23,"column":93}},"11":{"start":{"line":25,"column":0},"end":{"line":25,"column":26}},"12":{"start":{"line":27,"column":0},"end":{"line":27,"column":39}},"13":{"start":{"line":29,"column":0},"end":{"line":29,"column":24}},"14":{"start":{"line":31,"column":0},"end":{"line":283,"column":3}},"15":{"start":{"line":32,"column":2},"end":{"line":54,"column":5}},"16":{"start":{"line":33,"column":18},"end":{"line":37,"column":29}},"17":{"start":{"line":39,"column":20},"end":{"line":47,"column":5}},"18":{"start":{"line":49,"column":4},"end":{"line":51,"column":7}},"19":{"start":{"line":50,"column":6},"end":{"line":50,"column":54}},"20":{"start":{"line":53,"column":4},"end":{"line":53,"column":11}},"21":{"start":{"line":55,"column":2},"end":{"line":72,"column":5}},"22":{"start":{"line":56,"column":18},"end":{"line":60,"column":29}},"23":{"start":{"line":62,"column":20},"end":{"line":65,"column":5}},"24":{"start":{"line":67,"column":4},"end":{"line":69,"column":7}},"25":{"start":{"line":68,"column":6},"end":{"line":68,"column":54}},"26":{"start":{"line":71,"column":4},"end":{"line":71,"column":11}},"27":{"start":{"line":73,"column":2},"end":{"line":90,"column":5}},"28":{"start":{"line":74,"column":18},"end":{"line":78,"column":29}},"29":{"start":{"line":80,"column":20},"end":{"line":83,"column":5}},"30":{"start":{"line":85,"column":4},"end":{"line":87,"column":7}},"31":{"start":{"line":86,"column":6},"end":{"line":86,"column":54}},"32":{"start":{"line":89,"column":4},"end":{"line":89,"column":11}},"33":{"start":{"line":91,"column":2},"end":{"line":108,"column":5}},"34":{"start":{"line":92,"column":18},"end":{"line":96,"column":29}},"35":{"start":{"line":98,"column":20},"end":{"line":101,"column":5}},"36":{"start":{"line":103,"column":4},"end":{"line":105,"column":7}},"37":{"start":{"line":104,"column":6},"end":{"line":104,"column":54}},"38":{"start":{"line":107,"column":4},"end":{"line":107,"column":11}},"39":{"start":{"line":109,"column":2},"end":{"line":126,"column":5}},"40":{"start":{"line":110,"column":18},"end":{"line":114,"column":29}},"41":{"start":{"line":116,"column":21},"end":{"line":119,"column":5}},"42":{"start":{"line":121,"column":4},"end":{"line":123,"column":7}},"43":{"start":{"line":122,"column":6},"end":{"line":122,"column":54}},"44":{"start":{"line":125,"column":4},"end":{"line":125,"column":11}},"45":{"start":{"line":127,"column":2},"end":{"line":144,"column":5}},"46":{"start":{"line":128,"column":18},"end":{"line":132,"column":29}},"47":{"start":{"line":134,"column":21},"end":{"line":137,"column":5}},"48":{"start":{"line":139,"column":4},"end":{"line":141,"column":7}},"49":{"start":{"line":140,"column":6},"end":{"line":140,"column":54}},"50":{"start":{"line":143,"column":4},"end":{"line":143,"column":11}},"51":{"start":{"line":145,"column":2},"end":{"line":162,"column":5}},"52":{"start":{"line":146,"column":18},"end":{"line":150,"column":29}},"53":{"start":{"line":152,"column":21},"end":{"line":155,"column":5}},"54":{"start":{"line":157,"column":4},"end":{"line":159,"column":7}},"55":{"start":{"line":158,"column":6},"end":{"line":158,"column":54}},"56":{"start":{"line":161,"column":4},"end":{"line":161,"column":11}},"57":{"start":{"line":163,"column":2},"end":{"line":180,"column":5}},"58":{"start":{"line":164,"column":18},"end":{"line":168,"column":29}},"59":{"start":{"line":170,"column":21},"end":{"line":173,"column":5}},"60":{"start":{"line":175,"column":4},"end":{"line":177,"column":7}},"61":{"start":{"line":176,"column":6},"end":{"line":176,"column":54}},"62":{"start":{"line":179,"column":4},"end":{"line":179,"column":11}},"63":{"start":{"line":181,"column":2},"end":{"line":198,"column":5}},"64":{"start":{"line":182,"column":18},"end":{"line":186,"column":29}},"65":{"start":{"line":188,"column":21},"end":{"line":191,"column":5}},"66":{"start":{"line":193,"column":4},"end":{"line":195,"column":7}},"67":{"start":{"line":194,"column":6},"end":{"line":194,"column":54}},"68":{"start":{"line":197,"column":4},"end":{"line":197,"column":11}},"69":{"start":{"line":199,"column":2},"end":{"line":216,"column":5}},"70":{"start":{"line":200,"column":18},"end":{"line":204,"column":29}},"71":{"start":{"line":206,"column":21},"end":{"line":209,"column":5}},"72":{"start":{"line":211,"column":4},"end":{"line":213,"column":7}},"73":{"start":{"line":212,"column":6},"end":{"line":212,"column":54}},"74":{"start":{"line":215,"column":4},"end":{"line":215,"column":11}},"75":{"start":{"line":217,"column":2},"end":{"line":229,"column":5}},"76":{"start":{"line":218,"column":18},"end":{"line":222,"column":29}},"77":{"start":{"line":224,"column":4},"end":{"line":226,"column":7}},"78":{"start":{"line":225,"column":6},"end":{"line":225,"column":54}},"79":{"start":{"line":228,"column":4},"end":{"line":228,"column":11}},"80":{"start":{"line":230,"column":2},"end":{"line":242,"column":5}},"81":{"start":{"line":231,"column":18},"end":{"line":235,"column":29}},"82":{"start":{"line":237,"column":4},"end":{"line":239,"column":7}},"83":{"start":{"line":238,"column":6},"end":{"line":238,"column":54}},"84":{"start":{"line":241,"column":4},"end":{"line":241,"column":11}},"85":{"start":{"line":243,"column":2},"end":{"line":260,"column":5}},"86":{"start":{"line":244,"column":18},"end":{"line":248,"column":29}},"87":{"start":{"line":250,"column":20},"end":{"line":253,"column":5}},"88":{"start":{"line":255,"column":4},"end":{"line":257,"column":7}},"89":{"start":{"line":256,"column":6},"end":{"line":256,"column":54}},"90":{"start":{"line":259,"column":4},"end":{"line":259,"column":11}},"91":{"start":{"line":261,"column":2},"end":{"line":273,"column":5}},"92":{"start":{"line":262,"column":18},"end":{"line":266,"column":29}},"93":{"start":{"line":268,"column":4},"end":{"line":270,"column":7}},"94":{"start":{"line":269,"column":6},"end":{"line":269,"column":54}},"95":{"start":{"line":272,"column":4},"end":{"line":272,"column":11}},"96":{"start":{"line":274,"column":2},"end":{"line":282,"column":5}},"97":{"start":{"line":275,"column":18},"end":{"line":275,"column":20}},"98":{"start":{"line":277,"column":4},"end":{"line":279,"column":7}},"99":{"start":{"line":278,"column":6},"end":{"line":278,"column":54}},"100":{"start":{"line":281,"column":4},"end":{"line":281,"column":11}}},"fnMap":{"0":{"name":"_interopRequireDefault","decl":{"start":{"line":23,"column":9},"end":{"line":23,"column":31}},"loc":{"start":{"line":23,"column":37},"end":{"line":23,"column":95}},"line":23},"1":{"name":"(anonymous_1)","decl":{"start":{"line":31,"column":26},"end":{"line":31,"column":27}},"loc":{"start":{"line":31,"column":32},"end":{"line":283,"column":1}},"line":31},"2":{"name":"(anonymous_2)","decl":{"start":{"line":32,"column":33},"end":{"line":32,"column":34}},"loc":{"start":{"line":32,"column":41},"end":{"line":54,"column":3}},"line":32},"3":{"name":"(anonymous_3)","decl":{"start":{"line":49,"column":105},"end":{"line":49,"column":106}},"loc":{"start":{"line":49,"column":119},"end":{"line":51,"column":5}},"line":49},"4":{"name":"(anonymous_4)","decl":{"start":{"line":55,"column":34},"end":{"line":55,"column":35}},"loc":{"start":{"line":55,"column":42},"end":{"line":72,"column":3}},"line":55},"5":{"name":"(anonymous_5)","decl":{"start":{"line":67,"column":104},"end":{"line":67,"column":105}},"loc":{"start":{"line":67,"column":118},"end":{"line":69,"column":5}},"line":67},"6":{"name":"(anonymous_6)","decl":{"start":{"line":73,"column":53},"end":{"line":73,"column":54}},"loc":{"start":{"line":73,"column":61},"end":{"line":90,"column":3}},"line":73},"7":{"name":"(anonymous_7)","decl":{"start":{"line":85,"column":104},"end":{"line":85,"column":105}},"loc":{"start":{"line":85,"column":118},"end":{"line":87,"column":5}},"line":85},"8":{"name":"(anonymous_8)","decl":{"start":{"line":91,"column":37},"end":{"line":91,"column":38}},"loc":{"start":{"line":91,"column":45},"end":{"line":108,"column":3}},"line":91},"9":{"name":"(anonymous_9)","decl":{"start":{"line":103,"column":104},"end":{"line":103,"column":105}},"loc":{"start":{"line":103,"column":118},"end":{"line":105,"column":5}},"line":103},"10":{"name":"(anonymous_10)","decl":{"start":{"line":109,"column":36},"end":{"line":109,"column":37}},"loc":{"start":{"line":109,"column":44},"end":{"line":126,"column":3}},"line":109},"11":{"name":"(anonymous_11)","decl":{"start":{"line":121,"column":104},"end":{"line":121,"column":105}},"loc":{"start":{"line":121,"column":118},"end":{"line":123,"column":5}},"line":121},"12":{"name":"(anonymous_12)","decl":{"start":{"line":127,"column":36},"end":{"line":127,"column":37}},"loc":{"start":{"line":127,"column":44},"end":{"line":144,"column":3}},"line":127},"13":{"name":"(anonymous_13)","decl":{"start":{"line":139,"column":104},"end":{"line":139,"column":105}},"loc":{"start":{"line":139,"column":118},"end":{"line":141,"column":5}},"line":139},"14":{"name":"(anonymous_14)","decl":{"start":{"line":145,"column":36},"end":{"line":145,"column":37}},"loc":{"start":{"line":145,"column":44},"end":{"line":162,"column":3}},"line":145},"15":{"name":"(anonymous_15)","decl":{"start":{"line":157,"column":104},"end":{"line":157,"column":105}},"loc":{"start":{"line":157,"column":118},"end":{"line":159,"column":5}},"line":157},"16":{"name":"(anonymous_16)","decl":{"start":{"line":163,"column":36},"end":{"line":163,"column":37}},"loc":{"start":{"line":163,"column":44},"end":{"line":180,"column":3}},"line":163},"17":{"name":"(anonymous_17)","decl":{"start":{"line":175,"column":104},"end":{"line":175,"column":105}},"loc":{"start":{"line":175,"column":118},"end":{"line":177,"column":5}},"line":175},"18":{"name":"(anonymous_18)","decl":{"start":{"line":181,"column":36},"end":{"line":181,"column":37}},"loc":{"start":{"line":181,"column":44},"end":{"line":198,"column":3}},"line":181},"19":{"name":"(anonymous_19)","decl":{"start":{"line":193,"column":104},"end":{"line":193,"column":105}},"loc":{"start":{"line":193,"column":118},"end":{"line":195,"column":5}},"line":193},"20":{"name":"(anonymous_20)","decl":{"start":{"line":199,"column":36},"end":{"line":199,"column":37}},"loc":{"start":{"line":199,"column":44},"end":{"line":216,"column":3}},"line":199},"21":{"name":"(anonymous_21)","decl":{"start":{"line":211,"column":104},"end":{"line":211,"column":105}},"loc":{"start":{"line":211,"column":118},"end":{"line":213,"column":5}},"line":211},"22":{"name":"(anonymous_22)","decl":{"start":{"line":217,"column":36},"end":{"line":217,"column":37}},"loc":{"start":{"line":217,"column":44},"end":{"line":229,"column":3}},"line":217},"23":{"name":"(anonymous_23)","decl":{"start":{"line":224,"column":89},"end":{"line":224,"column":90}},"loc":{"start":{"line":224,"column":103},"end":{"line":226,"column":5}},"line":224},"24":{"name":"(anonymous_24)","decl":{"start":{"line":230,"column":34},"end":{"line":230,"column":35}},"loc":{"start":{"line":230,"column":42},"end":{"line":242,"column":3}},"line":230},"25":{"name":"(anonymous_25)","decl":{"start":{"line":237,"column":98},"end":{"line":237,"column":99}},"loc":{"start":{"line":237,"column":112},"end":{"line":239,"column":5}},"line":237},"26":{"name":"(anonymous_26)","decl":{"start":{"line":243,"column":34},"end":{"line":243,"column":35}},"loc":{"start":{"line":243,"column":42},"end":{"line":260,"column":3}},"line":243},"27":{"name":"(anonymous_27)","decl":{"start":{"line":255,"column":110},"end":{"line":255,"column":111}},"loc":{"start":{"line":255,"column":124},"end":{"line":257,"column":5}},"line":255},"28":{"name":"(anonymous_28)","decl":{"start":{"line":261,"column":34},"end":{"line":261,"column":35}},"loc":{"start":{"line":261,"column":42},"end":{"line":273,"column":3}},"line":261},"29":{"name":"(anonymous_29)","decl":{"start":{"line":268,"column":94},"end":{"line":268,"column":95}},"loc":{"start":{"line":268,"column":108},"end":{"line":270,"column":5}},"line":268},"30":{"name":"(anonymous_30)","decl":{"start":{"line":274,"column":37},"end":{"line":274,"column":38}},"loc":{"start":{"line":274,"column":45},"end":{"line":282,"column":3}},"line":274},"31":{"name":"(anonymous_31)","decl":{"start":{"line":277,"column":94},"end":{"line":277,"column":95}},"loc":{"start":{"line":277,"column":108},"end":{"line":279,"column":5}},"line":277}},"branchMap":{"0":{"loc":{"start":{"line":23,"column":46},"end":{"line":23,"column":92}},"type":"cond-expr","locations":[{"start":{"line":23,"column":70},"end":{"line":23,"column":73}},{"start":{"line":23,"column":76},"end":{"line":23,"column":92}}],"line":23},"1":{"loc":{"start":{"line":23,"column":46},"end":{"line":23,"column":67}},"type":"binary-expr","locations":[{"start":{"line":23,"column":46},"end":{"line":23,"column":49}},{"start":{"line":23,"column":53},"end":{"line":23,"column":67}}],"line":23}},"s":{"0":1,"1":1,"2":1,"3":1,"4":1,"5":1,"6":1,"7":1,"8":1,"9":1,"10":5,"11":1,"12":1,"13":1,"14":1,"15":1,"16":1,"17":1,"18":1,"19":1,"20":1,"21":1,"22":1,"23":1,"24":1,"25":1,"26":1,"27":1,"28":1,"29":1,"30":1,"31":1,"32":1,"33":1,"34":1,"35":1,"36":1,"37":1,"38":1,"39":1,"40":1,"41":1,"42":1,"43":1,"44":1,"45":1,"46":1,"47":1,"48":1,"49":1,"50":1,"51":1,"52":1,"53":1,"54":1,"55":1,"56":1,"57":1,"58":1,"59":1,"60":1,"61":1,"62":1,"63":1,"64":1,"65":1,"66":1,"67":1,"68":1,"69":1,"70":1,"71":1,"72":1,"73":1,"74":1,"75":1,"76":1,"77":1,"78":1,"79":1,"80":1,"81":1,"82":1,"83":1,"84":1,"85":1,"86":1,"87":1,"88":1,"89":1,"90":1,"91":1,"92":1,"93":1,"94":1,"95":1,"96":1,"97":1,"98":1,"99":1,"100":1},"f":{"0":5,"1":1,"2":1,"3":1,"4":1,"5":1,"6":1,"7":1,"8":1,"9":1,"10":1,"11":1,"12":1,"13":1,"14":1,"15":1,"16":1,"17":1,"18":1,"19":1,"20":1,"21":1,"22":1,"23":1,"24":1,"25":1,"26":1,"27":1,"28":1,"29":1,"30":1,"31":1},"b":{"0":[1,4],"1":[5,5]},"_coverageSchema":"43e27e138ebf9cfc5966b082cf9a028302ed4184","hash":"e295eafdd6527276427979b86e925839929c033e","contentHash":"3af5929b0ae134d251c05f019b41b368afec69d755447faa414cd43b904f09c6"},"C:\\Users\\KABUNDEGE\\Desktop\\server\\utilities\\routes.js":{"path":"C:\\Users\\KABUNDEGE\\Desktop\\server\\utilities\\routes.js","statementMap":{"0":{"start":{"line":3,"column":0},"end":{"line":5,"column":3}},"1":{"start":{"line":7,"column":15},"end":{"line":7,"column":33}},"2":{"start":{"line":9,"column":16},"end":{"line":9,"column":48}},"3":{"start":{"line":11,"column":15},"end":{"line":11,"column":33}},"4":{"start":{"line":13,"column":16},"end":{"line":13,"column":48}},"5":{"start":{"line":15,"column":18},"end":{"line":15,"column":40}},"6":{"start":{"line":17,"column":19},"end":{"line":17,"column":54}},"7":{"start":{"line":19,"column":14},"end":{"line":19,"column":31}},"8":{"start":{"line":21,"column":15},"end":{"line":21,"column":46}},"9":{"start":{"line":23,"column":13},"end":{"line":23,"column":29}},"10":{"start":{"line":25,"column":14},"end":{"line":25,"column":44}},"11":{"start":{"line":27,"column":13},"end":{"line":27,"column":50}},"12":{"start":{"line":29,"column":14},"end":{"line":29,"column":44}},"13":{"start":{"line":31,"column":16},"end":{"line":31,"column":52}},"14":{"start":{"line":33,"column":17},"end":{"line":33,"column":50}},"15":{"start":{"line":35,"column":13},"end":{"line":35,"column":46}},"16":{"start":{"line":37,"column":14},"end":{"line":37,"column":44}},"17":{"start":{"line":39,"column":12},"end":{"line":39,"column":44}},"18":{"start":{"line":41,"column":13},"end":{"line":41,"column":42}},"19":{"start":{"line":43,"column":13},"end":{"line":43,"column":46}},"20":{"start":{"line":45,"column":14},"end":{"line":45,"column":44}},"21":{"start":{"line":47,"column":39},"end":{"line":47,"column":93}},"22":{"start":{"line":49,"column":12},"end":{"line":49,"column":36}},"23":{"start":{"line":50,"column":0},"end":{"line":54,"column":3}},"24":{"start":{"line":51,"column":2},"end":{"line":51,"column":42}},"25":{"start":{"line":53,"column":2},"end":{"line":53,"column":18}},"26":{"start":{"line":55,"column":0},"end":{"line":59,"column":3}},"27":{"start":{"line":56,"column":2},"end":{"line":56,"column":42}},"28":{"start":{"line":58,"column":2},"end":{"line":58,"column":18}},"29":{"start":{"line":61,"column":0},"end":{"line":63,"column":3}},"30":{"start":{"line":65,"column":0},"end":{"line":68,"column":1}},"31":{"start":{"line":66,"column":2},"end":{"line":66,"column":41}},"32":{"start":{"line":67,"column":2},"end":{"line":67,"column":48}},"33":{"start":{"line":70,"column":0},"end":{"line":70,"column":37}},"34":{"start":{"line":71,"column":0},"end":{"line":73,"column":4}},"35":{"start":{"line":74,"column":0},"end":{"line":74,"column":33}},"36":{"start":{"line":75,"column":0},"end":{"line":75,"column":30}},"37":{"start":{"line":76,"column":0},"end":{"line":76,"column":30}},"38":{"start":{"line":77,"column":0},"end":{"line":77,"column":29}},"39":{"start":{"line":78,"column":0},"end":{"line":78,"column":33}},"40":{"start":{"line":79,"column":0},"end":{"line":79,"column":30}},"41":{"start":{"line":80,"column":0},"end":{"line":80,"column":33}},"42":{"start":{"line":81,"column":0},"end":{"line":81,"column":30}},"43":{"start":{"line":82,"column":0},"end":{"line":82,"column":25}},"44":{"start":{"line":83,"column":0},"end":{"line":83,"column":22}}},"fnMap":{"0":{"name":"_interopRequireDefault","decl":{"start":{"line":47,"column":9},"end":{"line":47,"column":31}},"loc":{"start":{"line":47,"column":37},"end":{"line":47,"column":95}},"line":47},"1":{"name":"(anonymous_1)","decl":{"start":{"line":50,"column":33},"end":{"line":50,"column":34}},"loc":{"start":{"line":50,"column":39},"end":{"line":54,"column":1}},"line":50},"2":{"name":"(anonymous_2)","decl":{"start":{"line":55,"column":32},"end":{"line":55,"column":33}},"loc":{"start":{"line":55,"column":38},"end":{"line":59,"column":1}},"line":55}},"branchMap":{"0":{"loc":{"start":{"line":47,"column":46},"end":{"line":47,"column":92}},"type":"cond-expr","locations":[{"start":{"line":47,"column":70},"end":{"line":47,"column":73}},{"start":{"line":47,"column":76},"end":{"line":47,"column":92}}],"line":47},"1":{"loc":{"start":{"line":47,"column":46},"end":{"line":47,"column":67}},"type":"binary-expr","locations":[{"start":{"line":47,"column":46},"end":{"line":47,"column":49}},{"start":{"line":47,"column":53},"end":{"line":47,"column":67}}],"line":47},"2":{"loc":{"start":{"line":65,"column":0},"end":{"line":68,"column":1}},"type":"if","locations":[{"start":{"line":65,"column":0},"end":{"line":68,"column":1}},{"start":{"line":65,"column":0},"end":{"line":68,"column":1}}],"line":65}},"s":{"0":1,"1":1,"2":1,"3":1,"4":1,"5":1,"6":1,"7":1,"8":1,"9":1,"10":1,"11":1,"12":1,"13":1,"14":1,"15":1,"16":1,"17":1,"18":1,"19":1,"20":1,"21":10,"22":1,"23":1,"24":0,"25":0,"26":1,"27":0,"28":0,"29":1,"30":1,"31":1,"32":1,"33":1,"34":1,"35":1,"36":1,"37":1,"38":1,"39":1,"40":1,"41":1,"42":1,"43":1,"44":1},"f":{"0":10,"1":0,"2":0},"b":{"0":[5,5],"1":[10,10],"2":[1,0]},"_coverageSchema":"43e27e138ebf9cfc5966b082cf9a028302ed4184","hash":"7eaaf11185c623516bb67bbf00102a3d9464d727","contentHash":"40cc69eb3ed3f91b94c2da55d3e305cbf62ba75643624752ef3bbc0dafb5ca21"},"C:\\Users\\KABUNDEGE\\Desktop\\server\\server\\middleware\\error.js":{"path":"C:\\Users\\KABUNDEGE\\Desktop\\server\\server\\middleware\\error.js","statementMap":{"0":{"start":{"line":3,"column":0},"end":{"line":5,"column":3}},"1":{"start":{"line":7,"column":0},"end":{"line":20,"column":2}},"2":{"start":{"line":8,"column":2},"end":{"line":8,"column":44}},"3":{"start":{"line":16,"column":2},"end":{"line":19,"column":5}},"4":{"start":{"line":22,"column":15},"end":{"line":22,"column":33}},"5":{"start":{"line":24,"column":16},"end":{"line":24,"column":48}},"6":{"start":{"line":26,"column":39},"end":{"line":26,"column":93}}},"fnMap":{"0":{"name":"(anonymous_0)","decl":{"start":{"line":7,"column":18},"end":{"line":7,"column":19}},"loc":{"start":{"line":7,"column":49},"end":{"line":20,"column":1}},"line":7},"1":{"name":"_interopRequireDefault","decl":{"start":{"line":26,"column":9},"end":{"line":26,"column":31}},"loc":{"start":{"line":26,"column":37},"end":{"line":26,"column":95}},"line":26}},"branchMap":{"0":{"loc":{"start":{"line":26,"column":46},"end":{"line":26,"column":92}},"type":"cond-expr","locations":[{"start":{"line":26,"column":70},"end":{"line":26,"column":73}},{"start":{"line":26,"column":76},"end":{"line":26,"column":92}}],"line":26},"1":{"loc":{"start":{"line":26,"column":46},"end":{"line":26,"column":67}},"type":"binary-expr","locations":[{"start":{"line":26,"column":46},"end":{"line":26,"column":49}},{"start":{"line":26,"column":53},"end":{"line":26,"column":67}}],"line":26}},"s":{"0":1,"1":1,"2":0,"3":0,"4":1,"5":1,"6":1},"f":{"0":0,"1":1},"b":{"0":[0,1],"1":[1,1]},"_coverageSchema":"43e27e138ebf9cfc5966b082cf9a028302ed4184","hash":"f5d68d79e3783146f552c986e2fcd313b18c0e53","contentHash":"4410fe58baebf6c30e6b3e2eb808d245dde0c92e5b1b0f30179d118736014a2a"},"C:\\Users\\KABUNDEGE\\Desktop\\server\\server\\routes\\bookings.js":{"path":"C:\\Users\\KABUNDEGE\\Desktop\\server\\server\\routes\\bookings.js","statementMap":{"0":{"start":{"line":3,"column":0},"end":{"line":5,"column":3}},"1":{"start":{"line":7,"column":15},"end":{"line":7,"column":33}},"2":{"start":{"line":9,"column":16},"end":{"line":9,"column":48}},"3":{"start":{"line":11,"column":12},"end":{"line":11,"column":38}},"4":{"start":{"line":13,"column":13},"end":{"line":13,"column":42}},"5":{"start":{"line":15,"column":19},"end":{"line":15,"column":56}},"6":{"start":{"line":17,"column":20},"end":{"line":17,"column":56}},"7":{"start":{"line":19,"column":22},"end":{"line":19,"column":62}},"8":{"start":{"line":21,"column":23},"end":{"line":21,"column":62}},"9":{"start":{"line":23,"column":26},"end":{"line":23,"column":69}},"10":{"start":{"line":25,"column":27},"end":{"line":25,"column":70}},"11":{"start":{"line":27,"column":16},"end":{"line":27,"column":50}},"12":{"start":{"line":29,"column":17},"end":{"line":29,"column":50}},"13":{"start":{"line":31,"column":39},"end":{"line":31,"column":93}},"14":{"start":{"line":33,"column":14},"end":{"line":33,"column":40}},"15":{"start":{"line":35,"column":0},"end":{"line":35,"column":65}},"16":{"start":{"line":36,"column":0},"end":{"line":36,"column":75}},"17":{"start":{"line":37,"column":0},"end":{"line":37,"column":93}},"18":{"start":{"line":38,"column":0},"end":{"line":38,"column":24}}},"fnMap":{"0":{"name":"_interopRequireDefault","decl":{"start":{"line":31,"column":9},"end":{"line":31,"column":31}},"loc":{"start":{"line":31,"column":37},"end":{"line":31,"column":95}},"line":31}},"branchMap":{"0":{"loc":{"start":{"line":31,"column":46},"end":{"line":31,"column":92}},"type":"cond-expr","locations":[{"start":{"line":31,"column":70},"end":{"line":31,"column":73}},{"start":{"line":31,"column":76},"end":{"line":31,"column":92}}],"line":31},"1":{"loc":{"start":{"line":31,"column":46},"end":{"line":31,"column":67}},"type":"binary-expr","locations":[{"start":{"line":31,"column":46},"end":{"line":31,"column":49}},{"start":{"line":31,"column":53},"end":{"line":31,"column":67}}],"line":31}},"s":{"0":1,"1":1,"2":1,"3":1,"4":1,"5":1,"6":1,"7":1,"8":1,"9":1,"10":1,"11":1,"12":1,"13":6,"14":1,"15":1,"16":1,"17":1,"18":1},"f":{"0":6},"b":{"0":[5,1],"1":[6,6]},"_coverageSchema":"43e27e138ebf9cfc5966b082cf9a028302ed4184","hash":"ea17933fe5b3fef340ecb565624bc824a10914a7","contentHash":"fd89ad6b41f4b6c806920da26c8797253161aebb188d0325d0f04a6ec062e2bb"},"C:\\Users\\KABUNDEGE\\Desktop\\server\\server\\helpers\\auth.js":{"path":"C:\\Users\\KABUNDEGE\\Desktop\\server\\server\\helpers\\auth.js","statementMap":{"0":{"start":{"line":3,"column":0},"end":{"line":5,"column":3}},"1":{"start":{"line":7,"column":0},"end":{"line":25,"column":2}},"2":{"start":{"line":8,"column":16},"end":{"line":8,"column":35}},"3":{"start":{"line":9,"column":2},"end":{"line":12,"column":5}},"4":{"start":{"line":9,"column":14},"end":{"line":12,"column":5}},"5":{"start":{"line":14,"column":2},"end":{"line":24,"column":3}},"6":{"start":{"line":15,"column":20},"end":{"line":15,"column":79}},"7":{"start":{"line":17,"column":4},"end":{"line":17,"column":23}},"8":{"start":{"line":18,"column":4},"end":{"line":18,"column":11}},"9":{"start":{"line":20,"column":4},"end":{"line":23,"column":7}},"10":{"start":{"line":27,"column":20},"end":{"line":27,"column":43}},"11":{"start":{"line":29,"column":21},"end":{"line":29,"column":58}},"12":{"start":{"line":31,"column":39},"end":{"line":31,"column":93}}},"fnMap":{"0":{"name":"(anonymous_0)","decl":{"start":{"line":7,"column":18},"end":{"line":7,"column":19}},"loc":{"start":{"line":7,"column":44},"end":{"line":25,"column":1}},"line":7},"1":{"name":"_interopRequireDefault","decl":{"start":{"line":31,"column":9},"end":{"line":31,"column":31}},"loc":{"start":{"line":31,"column":37},"end":{"line":31,"column":95}},"line":31}},"branchMap":{"0":{"loc":{"start":{"line":9,"column":2},"end":{"line":12,"column":5}},"type":"if","locations":[{"start":{"line":9,"column":2},"end":{"line":12,"column":5}},{"start":{"line":9,"column":2},"end":{"line":12,"column":5}}],"line":9},"1":{"loc":{"start":{"line":31,"column":46},"end":{"line":31,"column":92}},"type":"cond-expr","locations":[{"start":{"line":31,"column":70},"end":{"line":31,"column":73}},{"start":{"line":31,"column":76},"end":{"line":31,"column":92}}],"line":31},"2":{"loc":{"start":{"line":31,"column":46},"end":{"line":31,"column":67}},"type":"binary-expr","locations":[{"start":{"line":31,"column":46},"end":{"line":31,"column":49}},{"start":{"line":31,"column":53},"end":{"line":31,"column":67}}],"line":31}},"s":{"0":1,"1":1,"2":29,"3":29,"4":4,"5":25,"6":25,"7":25,"8":25,"9":0,"10":1,"11":1,"12":1},"f":{"0":29,"1":1},"b":{"0":[4,25],"1":[0,1],"2":[1,1]},"_coverageSchema":"43e27e138ebf9cfc5966b082cf9a028302ed4184","hash":"77c44f18a0698c8fdc3248dd443221da2f6eae01","contentHash":"aa247156742f27eaf2f69fd01454c0181c6a05b4e6c9a71717ba38ea37e89698"},"C:\\Users\\KABUNDEGE\\Desktop\\server\\server\\controllers\\allbookings.js":{"path":"C:\\Users\\KABUNDEGE\\Desktop\\server\\server\\controllers\\allbookings.js","statementMap":{"0":{"start":{"line":3,"column":0},"end":{"line":5,"column":3}},"1":{"start":{"line":7,"column":16},"end":{"line":7,"column":45}},"2":{"start":{"line":9,"column":17},"end":{"line":9,"column":50}},"3":{"start":{"line":11,"column":39},"end":{"line":11,"column":93}},"4":{"start":{"line":13,"column":20},"end":{"line":36,"column":1}},"5":{"start":{"line":14,"column":2},"end":{"line":35,"column":3}},"6":{"start":{"line":15,"column":4},"end":{"line":19,"column":7}},"7":{"start":{"line":21,"column":17},"end":{"line":21,"column":74}},"8":{"start":{"line":21,"column":48},"end":{"line":21,"column":73}},"9":{"start":{"line":23,"column":4},"end":{"line":34,"column":5}},"10":{"start":{"line":24,"column":6},"end":{"line":27,"column":9}},"11":{"start":{"line":29,"column":6},"end":{"line":33,"column":9}},"12":{"start":{"line":38,"column":0},"end":{"line":38,"column":30}}},"fnMap":{"0":{"name":"_interopRequireDefault","decl":{"start":{"line":11,"column":9},"end":{"line":11,"column":31}},"loc":{"start":{"line":11,"column":37},"end":{"line":11,"column":95}},"line":11},"1":{"name":"(anonymous_1)","decl":{"start":{"line":13,"column":20},"end":{"line":13,"column":21}},"loc":{"start":{"line":13,"column":40},"end":{"line":36,"column":1}},"line":13},"2":{"name":"(anonymous_2)","decl":{"start":{"line":21,"column":43},"end":{"line":21,"column":44}},"loc":{"start":{"line":21,"column":48},"end":{"line":21,"column":73}},"line":21}},"branchMap":{"0":{"loc":{"start":{"line":11,"column":46},"end":{"line":11,"column":92}},"type":"cond-expr","locations":[{"start":{"line":11,"column":70},"end":{"line":11,"column":73}},{"start":{"line":11,"column":76},"end":{"line":11,"column":92}}],"line":11},"1":{"loc":{"start":{"line":11,"column":46},"end":{"line":11,"column":67}},"type":"binary-expr","locations":[{"start":{"line":11,"column":46},"end":{"line":11,"column":49}},{"start":{"line":11,"column":53},"end":{"line":11,"column":67}}],"line":11},"2":{"loc":{"start":{"line":14,"column":2},"end":{"line":35,"column":3}},"type":"if","locations":[{"start":{"line":14,"column":2},"end":{"line":35,"column":3}},{"start":{"line":14,"column":2},"end":{"line":35,"column":3}}],"line":14},"3":{"loc":{"start":{"line":23,"column":4},"end":{"line":34,"column":5}},"type":"if","locations":[{"start":{"line":23,"column":4},"end":{"line":34,"column":5}},{"start":{"line":23,"column":4},"end":{"line":34,"column":5}}],"line":23}},"s":{"0":1,"1":1,"2":1,"3":1,"4":1,"5":7,"6":6,"7":1,"8":1,"9":1,"10":0,"11":1,"12":1},"f":{"0":1,"1":7,"2":1},"b":{"0":[1,0],"1":[1,1],"2":[6,1],"3":[0,1]},"_coverageSchema":"43e27e138ebf9cfc5966b082cf9a028302ed4184","hash":"97dcb2a5655a3dd3d4540d0eb22160a108b85d22","contentHash":"3d02e973d48ef0414849de92c06a8ff33a558b1ccfafcc9d9a0208a1136c52c5"},"C:\\Users\\KABUNDEGE\\Desktop\\server\\server\\models\\bookings.js":{"path":"C:\\Users\\KABUNDEGE\\Desktop\\server\\server\\models\\bookings.js","statementMap":{"0":{"start":{"line":3,"column":0},"end":{"line":5,"column":3}},"1":{"start":{"line":6,"column":17},"end":{"line":6,"column":19}},"2":{"start":{"line":7,"column":0},"end":{"line":7,"column":27}}},"fnMap":{},"branchMap":{},"s":{"0":1,"1":1,"2":1},"f":{},"b":{},"_coverageSchema":"43e27e138ebf9cfc5966b082cf9a028302ed4184","hash":"813970dc1e6c2419e139b8c27958226df7f9b350","contentHash":"51f512f3fdabfa3a1193184772e7bce966e52b56477d38513f96c3136307db42"},"C:\\Users\\KABUNDEGE\\Desktop\\server\\server\\controllers\\deleteBookings.js":{"path":"C:\\Users\\KABUNDEGE\\Desktop\\server\\server\\controllers\\deleteBookings.js","statementMap":{"0":{"start":{"line":3,"column":0},"end":{"line":5,"column":3}},"1":{"start":{"line":7,"column":16},"end":{"line":7,"column":45}},"2":{"start":{"line":9,"column":17},"end":{"line":9,"column":50}},"3":{"start":{"line":11,"column":39},"end":{"line":11,"column":93}},"4":{"start":{"line":13,"column":22},"end":{"line":50,"column":1}},"5":{"start":{"line":14,"column":2},"end":{"line":19,"column":3}},"6":{"start":{"line":15,"column":4},"end":{"line":18,"column":7}},"7":{"start":{"line":21,"column":21},"end":{"line":21,"column":78}},"8":{"start":{"line":21,"column":52},"end":{"line":21,"column":77}},"9":{"start":{"line":23,"column":2},"end":{"line":47,"column":3}},"10":{"start":{"line":24,"column":4},"end":{"line":27,"column":7}},"11":{"start":{"line":29,"column":17},"end":{"line":29,"column":79}},"12":{"start":{"line":29,"column":38},"end":{"line":29,"column":78}},"13":{"start":{"line":31,"column":4},"end":{"line":36,"column":5}},"14":{"start":{"line":32,"column":6},"end":{"line":35,"column":9}},"15":{"start":{"line":38,"column":16},"end":{"line":38,"column":92}},"16":{"start":{"line":38,"column":50},"end":{"line":38,"column":91}},"17":{"start":{"line":40,"column":4},"end":{"line":40,"column":38}},"18":{"start":{"line":42,"column":4},"end":{"line":46,"column":7}},"19":{"start":{"line":52,"column":0},"end":{"line":52,"column":32}}},"fnMap":{"0":{"name":"_interopRequireDefault","decl":{"start":{"line":11,"column":9},"end":{"line":11,"column":31}},"loc":{"start":{"line":11,"column":37},"end":{"line":11,"column":95}},"line":11},"1":{"name":"(anonymous_1)","decl":{"start":{"line":13,"column":22},"end":{"line":13,"column":23}},"loc":{"start":{"line":13,"column":42},"end":{"line":50,"column":1}},"line":13},"2":{"name":"(anonymous_2)","decl":{"start":{"line":21,"column":47},"end":{"line":21,"column":48}},"loc":{"start":{"line":21,"column":52},"end":{"line":21,"column":77}},"line":21},"3":{"name":"(anonymous_3)","decl":{"start":{"line":29,"column":33},"end":{"line":29,"column":34}},"loc":{"start":{"line":29,"column":38},"end":{"line":29,"column":78}},"line":29},"4":{"name":"(anonymous_4)","decl":{"start":{"line":38,"column":45},"end":{"line":38,"column":46}},"loc":{"start":{"line":38,"column":50},"end":{"line":38,"column":91}},"line":38}},"branchMap":{"0":{"loc":{"start":{"line":11,"column":46},"end":{"line":11,"column":92}},"type":"cond-expr","locations":[{"start":{"line":11,"column":70},"end":{"line":11,"column":73}},{"start":{"line":11,"column":76},"end":{"line":11,"column":92}}],"line":11},"1":{"loc":{"start":{"line":11,"column":46},"end":{"line":11,"column":67}},"type":"binary-expr","locations":[{"start":{"line":11,"column":46},"end":{"line":11,"column":49}},{"start":{"line":11,"column":53},"end":{"line":11,"column":67}}],"line":11},"2":{"loc":{"start":{"line":14,"column":2},"end":{"line":19,"column":3}},"type":"if","locations":[{"start":{"line":14,"column":2},"end":{"line":19,"column":3}},{"start":{"line":14,"column":2},"end":{"line":19,"column":3}}],"line":14},"3":{"loc":{"start":{"line":23,"column":2},"end":{"line":47,"column":3}},"type":"if","locations":[{"start":{"line":23,"column":2},"end":{"line":47,"column":3}},{"start":{"line":23,"column":2},"end":{"line":47,"column":3}}],"line":23},"4":{"loc":{"start":{"line":31,"column":4},"end":{"line":36,"column":5}},"type":"if","locations":[{"start":{"line":31,"column":4},"end":{"line":36,"column":5}},{"start":{"line":31,"column":4},"end":{"line":36,"column":5}}],"line":31}},"s":{"0":1,"1":1,"2":1,"3":1,"4":1,"5":3,"6":1,"7":2,"8":2,"9":2,"10":0,"11":2,"12":2,"13":2,"14":1,"15":1,"16":1,"17":1,"18":1,"19":1},"f":{"0":1,"1":3,"2":2,"3":2,"4":1},"b":{"0":[1,0],"1":[1,1],"2":[1,2],"3":[0,2],"4":[1,1]},"_coverageSchema":"43e27e138ebf9cfc5966b082cf9a028302ed4184","hash":"df94cdec5f463ac29b9e8e6247364614d79726a4","contentHash":"c0db74af4b36bca64c520f57ddfa3362602163f7cc03b099d2a107501273850b"},"C:\\Users\\KABUNDEGE\\Desktop\\server\\server\\middleware\\booking_validation.js":{"path":"C:\\Users\\KABUNDEGE\\Desktop\\server\\server\\middleware\\booking_validation.js","statementMap":{"0":{"start":{"line":3,"column":0},"end":{"line":5,"column":3}},"1":{"start":{"line":7,"column":11},"end":{"line":7,"column":31}},"2":{"start":{"line":9,"column":12},"end":{"line":9,"column":40}},"3":{"start":{"line":11,"column":39},"end":{"line":11,"column":93}},"4":{"start":{"line":13,"column":14},"end":{"line":13,"column":24}},"5":{"start":{"line":14,"column":13},"end":{"line":14,"column":32}},"6":{"start":{"line":17,"column":17},"end":{"line":20,"column":3}},"7":{"start":{"line":24,"column":6},"end":{"line":24,"column":46}},"8":{"start":{"line":26,"column":2},"end":{"line":31,"column":3}},"9":{"start":{"line":27,"column":4},"end":{"line":30,"column":7}},"10":{"start":{"line":33,"column":2},"end":{"line":33,"column":9}},"11":{"start":{"line":36,"column":0},"end":{"line":36,"column":31}}},"fnMap":{"0":{"name":"_interopRequireDefault","decl":{"start":{"line":11,"column":9},"end":{"line":11,"column":31}},"loc":{"start":{"line":11,"column":37},"end":{"line":11,"column":95}},"line":11},"1":{"name":"validateBook","decl":{"start":{"line":16,"column":9},"end":{"line":16,"column":21}},"loc":{"start":{"line":16,"column":38},"end":{"line":34,"column":1}},"line":16}},"branchMap":{"0":{"loc":{"start":{"line":11,"column":46},"end":{"line":11,"column":92}},"type":"cond-expr","locations":[{"start":{"line":11,"column":70},"end":{"line":11,"column":73}},{"start":{"line":11,"column":76},"end":{"line":11,"column":92}}],"line":11},"1":{"loc":{"start":{"line":11,"column":46},"end":{"line":11,"column":67}},"type":"binary-expr","locations":[{"start":{"line":11,"column":46},"end":{"line":11,"column":49}},{"start":{"line":11,"column":53},"end":{"line":11,"column":67}}],"line":11},"2":{"loc":{"start":{"line":26,"column":2},"end":{"line":31,"column":3}},"type":"if","locations":[{"start":{"line":26,"column":2},"end":{"line":31,"column":3}},{"start":{"line":26,"column":2},"end":{"line":31,"column":3}}],"line":26}},"s":{"0":1,"1":1,"2":1,"3":1,"4":1,"5":1,"6":3,"7":3,"8":3,"9":0,"10":3,"11":1},"f":{"0":1,"1":3},"b":{"0":[0,1],"1":[1,1],"2":[0,3]},"_coverageSchema":"43e27e138ebf9cfc5966b082cf9a028302ed4184","hash":"71066665fa6d20518751a070ba9924cc2eb74d58","contentHash":"ec996845bb6dcf83b8ca3dc0d76793e4d64892294e50a1f1bd8de8f27c8be546"},"C:\\Users\\KABUNDEGE\\Desktop\\server\\server\\controllers\\bookTrip.js":{"path":"C:\\Users\\KABUNDEGE\\Desktop\\server\\server\\controllers\\bookTrip.js","statementMap":{"0":{"start":{"line":3,"column":0},"end":{"line":5,"column":3}},"1":{"start":{"line":7,"column":16},"end":{"line":7,"column":45}},"2":{"start":{"line":9,"column":17},"end":{"line":9,"column":50}},"3":{"start":{"line":11,"column":13},"end":{"line":11,"column":39}},"4":{"start":{"line":13,"column":14},"end":{"line":13,"column":44}},"5":{"start":{"line":15,"column":13},"end":{"line":15,"column":39}},"6":{"start":{"line":17,"column":14},"end":{"line":17,"column":44}},"7":{"start":{"line":19,"column":39},"end":{"line":19,"column":93}},"8":{"start":{"line":21,"column":18},"end":{"line":59,"column":1}},"9":{"start":{"line":22,"column":2},"end":{"line":27,"column":3}},"10":{"start":{"line":23,"column":4},"end":{"line":26,"column":7}},"11":{"start":{"line":29,"column":15},"end":{"line":29,"column":72}},"12":{"start":{"line":29,"column":41},"end":{"line":29,"column":71}},"13":{"start":{"line":31,"column":2},"end":{"line":36,"column":3}},"14":{"start":{"line":32,"column":4},"end":{"line":35,"column":7}},"15":{"start":{"line":38,"column":18},"end":{"line":43,"column":3}},"16":{"start":{"line":44,"column":2},"end":{"line":56,"column":5}},"17":{"start":{"line":58,"column":2},"end":{"line":58,"column":35}},"18":{"start":{"line":61,"column":0},"end":{"line":61,"column":28}}},"fnMap":{"0":{"name":"_interopRequireDefault","decl":{"start":{"line":19,"column":9},"end":{"line":19,"column":31}},"loc":{"start":{"line":19,"column":37},"end":{"line":19,"column":95}},"line":19},"1":{"name":"(anonymous_1)","decl":{"start":{"line":21,"column":18},"end":{"line":21,"column":19}},"loc":{"start":{"line":21,"column":38},"end":{"line":59,"column":1}},"line":21},"2":{"name":"(anonymous_2)","decl":{"start":{"line":29,"column":36},"end":{"line":29,"column":37}},"loc":{"start":{"line":29,"column":41},"end":{"line":29,"column":71}},"line":29}},"branchMap":{"0":{"loc":{"start":{"line":19,"column":46},"end":{"line":19,"column":92}},"type":"cond-expr","locations":[{"start":{"line":19,"column":70},"end":{"line":19,"column":73}},{"start":{"line":19,"column":76},"end":{"line":19,"column":92}}],"line":19},"1":{"loc":{"start":{"line":19,"column":46},"end":{"line":19,"column":67}},"type":"binary-expr","locations":[{"start":{"line":19,"column":46},"end":{"line":19,"column":49}},{"start":{"line":19,"column":53},"end":{"line":19,"column":67}}],"line":19},"2":{"loc":{"start":{"line":22,"column":2},"end":{"line":27,"column":3}},"type":"if","locations":[{"start":{"line":22,"column":2},"end":{"line":27,"column":3}},{"start":{"line":22,"column":2},"end":{"line":27,"column":3}}],"line":22},"3":{"loc":{"start":{"line":31,"column":2},"end":{"line":36,"column":3}},"type":"if","locations":[{"start":{"line":31,"column":2},"end":{"line":36,"column":3}},{"start":{"line":31,"column":2},"end":{"line":36,"column":3}}],"line":31}},"s":{"0":1,"1":1,"2":1,"3":1,"4":1,"5":1,"6":1,"7":3,"8":1,"9":3,"10":1,"11":2,"12":2,"13":2,"14":1,"15":1,"16":1,"17":1,"18":1},"f":{"0":3,"1":3,"2":2},"b":{"0":[3,0],"1":[3,3],"2":[1,2],"3":[1,1]},"_coverageSchema":"43e27e138ebf9cfc5966b082cf9a028302ed4184","hash":"8945179a3b5cf20516b8285a0342be389b107101","contentHash":"8db29a02229148913f3acd1c18512c1f02a0541adb54073ea1bccd3336068fe5"},"C:\\Users\\KABUNDEGE\\Desktop\\server\\server\\models\\Users.js":{"path":"C:\\Users\\KABUNDEGE\\Desktop\\server\\server\\models\\Users.js","statementMap":{"0":{"start":{"line":3,"column":0},"end":{"line":5,"column":3}},"1":{"start":{"line":6,"column":14},"end":{"line":6,"column":16}},"2":{"start":{"line":7,"column":0},"end":{"line":7,"column":24}}},"fnMap":{},"branchMap":{},"s":{"0":1,"1":1,"2":1},"f":{},"b":{},"_coverageSchema":"43e27e138ebf9cfc5966b082cf9a028302ed4184","hash":"872a50d866efb6b3313dc2daef1787a42226955f","contentHash":"08ddc93af2778b1c3c6b1a9cba2fc8b38258935922c1fa2fcb52ef691bba6323"},"C:\\Users\\KABUNDEGE\\Desktop\\server\\server\\models\\trips.js":{"path":"C:\\Users\\KABUNDEGE\\Desktop\\server\\server\\models\\trips.js","statementMap":{"0":{"start":{"line":3,"column":0},"end":{"line":5,"column":3}},"1":{"start":{"line":6,"column":14},"end":{"line":6,"column":16}},"2":{"start":{"line":7,"column":0},"end":{"line":7,"column":24}}},"fnMap":{},"branchMap":{},"s":{"0":1,"1":1,"2":1},"f":{},"b":{},"_coverageSchema":"43e27e138ebf9cfc5966b082cf9a028302ed4184","hash":"599f1cc0dff51f00e84b7eb888a28a31a72486f6","contentHash":"8eb5d7589462bee4ea7d31fe9584e2d65bc6c6e5c1511ba917b8941372ff5e08"},"C:\\Users\\KABUNDEGE\\Desktop\\server\\server\\routes\\trips.js":{"path":"C:\\Users\\KABUNDEGE\\Desktop\\server\\server\\routes\\trips.js","statementMap":{"0":{"start":{"line":3,"column":0},"end":{"line":5,"column":3}},"1":{"start":{"line":7,"column":15},"end":{"line":7,"column":33}},"2":{"start":{"line":9,"column":16},"end":{"line":9,"column":48}},"3":{"start":{"line":11,"column":12},"end":{"line":11,"column":38}},"4":{"start":{"line":13,"column":13},"end":{"line":13,"column":42}},"5":{"start":{"line":15,"column":24},"end":{"line":15,"column":65}},"6":{"start":{"line":17,"column":25},"end":{"line":17,"column":66}},"7":{"start":{"line":19,"column":19},"end":{"line":19,"column":56}},"8":{"start":{"line":21,"column":20},"end":{"line":21,"column":56}},"9":{"start":{"line":23,"column":18},"end":{"line":23,"column":54}},"10":{"start":{"line":25,"column":19},"end":{"line":25,"column":54}},"11":{"start":{"line":27,"column":20},"end":{"line":27,"column":58}},"12":{"start":{"line":29,"column":21},"end":{"line":29,"column":58}},"13":{"start":{"line":31,"column":18},"end":{"line":31,"column":54}},"14":{"start":{"line":33,"column":19},"end":{"line":33,"column":54}},"15":{"start":{"line":35,"column":39},"end":{"line":35,"column":93}},"16":{"start":{"line":37,"column":14},"end":{"line":37,"column":40}},"17":{"start":{"line":39,"column":0},"end":{"line":39,"column":66}},"18":{"start":{"line":40,"column":0},"end":{"line":40,"column":71}},"19":{"start":{"line":41,"column":0},"end":{"line":41,"column":71}},"20":{"start":{"line":42,"column":0},"end":{"line":42,"column":94}},"21":{"start":{"line":43,"column":0},"end":{"line":43,"column":24}}},"fnMap":{"0":{"name":"_interopRequireDefault","decl":{"start":{"line":35,"column":9},"end":{"line":35,"column":31}},"loc":{"start":{"line":35,"column":37},"end":{"line":35,"column":95}},"line":35}},"branchMap":{"0":{"loc":{"start":{"line":35,"column":46},"end":{"line":35,"column":92}},"type":"cond-expr","locations":[{"start":{"line":35,"column":70},"end":{"line":35,"column":73}},{"start":{"line":35,"column":76},"end":{"line":35,"column":92}}],"line":35},"1":{"loc":{"start":{"line":35,"column":46},"end":{"line":35,"column":67}},"type":"binary-expr","locations":[{"start":{"line":35,"column":46},"end":{"line":35,"column":49}},{"start":{"line":35,"column":53},"end":{"line":35,"column":67}}],"line":35}},"s":{"0":1,"1":1,"2":1,"3":1,"4":1,"5":1,"6":1,"7":1,"8":1,"9":1,"10":1,"11":1,"12":1,"13":1,"14":1,"15":7,"16":1,"17":1,"18":1,"19":1,"20":1,"21":1},"f":{"0":7},"b":{"0":[6,1],"1":[7,7]},"_coverageSchema":"43e27e138ebf9cfc5966b082cf9a028302ed4184","hash":"bd4e3ed73050d1e53ad648703360661313c859e0","contentHash":"172afc0b62ecc3a6984a47642dd7a88c5517ef423defb6f4a7c4d3e077164881"},"C:\\Users\\KABUNDEGE\\Desktop\\server\\server\\middleware\\trips_validation.js":{"path":"C:\\Users\\KABUNDEGE\\Desktop\\server\\server\\middleware\\trips_validation.js","statementMap":{"0":{"start":{"line":3,"column":0},"end":{"line":5,"column":3}},"1":{"start":{"line":7,"column":11},"end":{"line":7,"column":31}},"2":{"start":{"line":9,"column":12},"end":{"line":9,"column":40}},"3":{"start":{"line":11,"column":39},"end":{"line":11,"column":93}},"4":{"start":{"line":13,"column":14},"end":{"line":13,"column":24}},"5":{"start":{"line":14,"column":13},"end":{"line":14,"column":32}},"6":{"start":{"line":17,"column":17},"end":{"line":25,"column":3}},"7":{"start":{"line":29,"column":6},"end":{"line":29,"column":46}},"8":{"start":{"line":31,"column":2},"end":{"line":36,"column":3}},"9":{"start":{"line":32,"column":4},"end":{"line":35,"column":7}},"10":{"start":{"line":38,"column":2},"end":{"line":38,"column":9}},"11":{"start":{"line":41,"column":0},"end":{"line":41,"column":31}}},"fnMap":{"0":{"name":"_interopRequireDefault","decl":{"start":{"line":11,"column":9},"end":{"line":11,"column":31}},"loc":{"start":{"line":11,"column":37},"end":{"line":11,"column":95}},"line":11},"1":{"name":"validateUser","decl":{"start":{"line":16,"column":9},"end":{"line":16,"column":21}},"loc":{"start":{"line":16,"column":38},"end":{"line":39,"column":1}},"line":16}},"branchMap":{"0":{"loc":{"start":{"line":11,"column":46},"end":{"line":11,"column":92}},"type":"cond-expr","locations":[{"start":{"line":11,"column":70},"end":{"line":11,"column":73}},{"start":{"line":11,"column":76},"end":{"line":11,"column":92}}],"line":11},"1":{"loc":{"start":{"line":11,"column":46},"end":{"line":11,"column":67}},"type":"binary-expr","locations":[{"start":{"line":11,"column":46},"end":{"line":11,"column":49}},{"start":{"line":11,"column":53},"end":{"line":11,"column":67}}],"line":11},"2":{"loc":{"start":{"line":31,"column":2},"end":{"line":36,"column":3}},"type":"if","locations":[{"start":{"line":31,"column":2},"end":{"line":36,"column":3}},{"start":{"line":31,"column":2},"end":{"line":36,"column":3}}],"line":31}},"s":{"0":1,"1":1,"2":1,"3":1,"4":1,"5":1,"6":7,"7":7,"8":7,"9":2,"10":5,"11":1},"f":{"0":1,"1":7},"b":{"0":[0,1],"1":[1,1],"2":[2,5]},"_coverageSchema":"43e27e138ebf9cfc5966b082cf9a028302ed4184","hash":"89de2612887077e8fc19eecc477f7dbfc60fbf0c","contentHash":"e7b94e33506789caaa0470dd317db6d10613ae4885d8b785e9e603a7ae66f603"},"C:\\Users\\KABUNDEGE\\Desktop\\server\\server\\controllers\\getAllTrips.js":{"path":"C:\\Users\\KABUNDEGE\\Desktop\\server\\server\\controllers\\getAllTrips.js","statementMap":{"0":{"start":{"line":3,"column":0},"end":{"line":5,"column":3}},"1":{"start":{"line":7,"column":13},"end":{"line":7,"column":39}},"2":{"start":{"line":9,"column":14},"end":{"line":9,"column":44}},"3":{"start":{"line":11,"column":39},"end":{"line":11,"column":93}},"4":{"start":{"line":13,"column":13},"end":{"line":19,"column":1}},"5":{"start":{"line":14,"column":2},"end":{"line":18,"column":5}},"6":{"start":{"line":21,"column":0},"end":{"line":21,"column":23}}},"fnMap":{"0":{"name":"_interopRequireDefault","decl":{"start":{"line":11,"column":9},"end":{"line":11,"column":31}},"loc":{"start":{"line":11,"column":37},"end":{"line":11,"column":95}},"line":11},"1":{"name":"(anonymous_1)","decl":{"start":{"line":13,"column":13},"end":{"line":13,"column":14}},"loc":{"start":{"line":13,"column":33},"end":{"line":19,"column":1}},"line":13}},"branchMap":{"0":{"loc":{"start":{"line":11,"column":46},"end":{"line":11,"column":92}},"type":"cond-expr","locations":[{"start":{"line":11,"column":70},"end":{"line":11,"column":73}},{"start":{"line":11,"column":76},"end":{"line":11,"column":92}}],"line":11},"1":{"loc":{"start":{"line":11,"column":46},"end":{"line":11,"column":67}},"type":"binary-expr","locations":[{"start":{"line":11,"column":46},"end":{"line":11,"column":49}},{"start":{"line":11,"column":53},"end":{"line":11,"column":67}}],"line":11}},"s":{"0":1,"1":1,"2":1,"3":1,"4":1,"5":2,"6":1},"f":{"0":1,"1":2},"b":{"0":[1,0],"1":[1,1]},"_coverageSchema":"43e27e138ebf9cfc5966b082cf9a028302ed4184","hash":"97678c57408ba02257f4b2736b9066386ee1f5c9","contentHash":"d6ed88ac2ac730ceaa0f3f84fe6874a22915b93b308b87b36f5bc8535eabf1be"},"C:\\Users\\KABUNDEGE\\Desktop\\server\\server\\controllers\\deleteTrip.js":{"path":"C:\\Users\\KABUNDEGE\\Desktop\\server\\server\\controllers\\deleteTrip.js","statementMap":{"0":{"start":{"line":3,"column":0},"end":{"line":5,"column":3}},"1":{"start":{"line":7,"column":13},"end":{"line":7,"column":39}},"2":{"start":{"line":9,"column":14},"end":{"line":9,"column":44}},"3":{"start":{"line":11,"column":13},"end":{"line":11,"column":39}},"4":{"start":{"line":13,"column":14},"end":{"line":13,"column":44}},"5":{"start":{"line":15,"column":39},"end":{"line":15,"column":93}},"6":{"start":{"line":17,"column":19},"end":{"line":50,"column":1}},"7":{"start":{"line":18,"column":2},"end":{"line":23,"column":3}},"8":{"start":{"line":19,"column":4},"end":{"line":22,"column":7}},"9":{"start":{"line":25,"column":2},"end":{"line":30,"column":3}},"10":{"start":{"line":26,"column":4},"end":{"line":29,"column":7}},"11":{"start":{"line":32,"column":15},"end":{"line":32,"column":79}},"12":{"start":{"line":32,"column":41},"end":{"line":32,"column":78}},"13":{"start":{"line":34,"column":2},"end":{"line":39,"column":3}},"14":{"start":{"line":35,"column":4},"end":{"line":38,"column":7}},"15":{"start":{"line":41,"column":16},"end":{"line":41,"column":45}},"16":{"start":{"line":43,"column":2},"end":{"line":43,"column":35}},"17":{"start":{"line":45,"column":2},"end":{"line":49,"column":5}},"18":{"start":{"line":52,"column":0},"end":{"line":52,"column":29}}},"fnMap":{"0":{"name":"_interopRequireDefault","decl":{"start":{"line":15,"column":9},"end":{"line":15,"column":31}},"loc":{"start":{"line":15,"column":37},"end":{"line":15,"column":95}},"line":15},"1":{"name":"(anonymous_1)","decl":{"start":{"line":17,"column":19},"end":{"line":17,"column":20}},"loc":{"start":{"line":17,"column":39},"end":{"line":50,"column":1}},"line":17},"2":{"name":"(anonymous_2)","decl":{"start":{"line":32,"column":36},"end":{"line":32,"column":37}},"loc":{"start":{"line":32,"column":41},"end":{"line":32,"column":78}},"line":32}},"branchMap":{"0":{"loc":{"start":{"line":15,"column":46},"end":{"line":15,"column":92}},"type":"cond-expr","locations":[{"start":{"line":15,"column":70},"end":{"line":15,"column":73}},{"start":{"line":15,"column":76},"end":{"line":15,"column":92}}],"line":15},"1":{"loc":{"start":{"line":15,"column":46},"end":{"line":15,"column":67}},"type":"binary-expr","locations":[{"start":{"line":15,"column":46},"end":{"line":15,"column":49}},{"start":{"line":15,"column":53},"end":{"line":15,"column":67}}],"line":15},"2":{"loc":{"start":{"line":18,"column":2},"end":{"line":23,"column":3}},"type":"if","locations":[{"start":{"line":18,"column":2},"end":{"line":23,"column":3}},{"start":{"line":18,"column":2},"end":{"line":23,"column":3}}],"line":18},"3":{"loc":{"start":{"line":25,"column":2},"end":{"line":30,"column":3}},"type":"if","locations":[{"start":{"line":25,"column":2},"end":{"line":30,"column":3}},{"start":{"line":25,"column":2},"end":{"line":30,"column":3}}],"line":25},"4":{"loc":{"start":{"line":34,"column":2},"end":{"line":39,"column":3}},"type":"if","locations":[{"start":{"line":34,"column":2},"end":{"line":39,"column":3}},{"start":{"line":34,"column":2},"end":{"line":39,"column":3}}],"line":34}},"s":{"0":1,"1":1,"2":1,"3":1,"4":1,"5":2,"6":1,"7":4,"8":1,"9":3,"10":1,"11":2,"12":3,"13":2,"14":1,"15":1,"16":1,"17":1,"18":1},"f":{"0":2,"1":4,"2":3},"b":{"0":[2,0],"1":[2,2],"2":[1,3],"3":[1,2],"4":[1,1]},"_coverageSchema":"43e27e138ebf9cfc5966b082cf9a028302ed4184","hash":"8f5d117f96383015cf52694c520c4874472d62b9","contentHash":"70c93ae0b24868984135c08c481f1010e1e9f1ff1c2657c51ecc2a981f377f4c"},"C:\\Users\\KABUNDEGE\\Desktop\\server\\server\\controllers\\specificTrip.js":{"path":"C:\\Users\\KABUNDEGE\\Desktop\\server\\server\\controllers\\specificTrip.js","statementMap":{"0":{"start":{"line":3,"column":0},"end":{"line":5,"column":3}},"1":{"start":{"line":7,"column":13},"end":{"line":7,"column":39}},"2":{"start":{"line":9,"column":14},"end":{"line":9,"column":44}},"3":{"start":{"line":11,"column":39},"end":{"line":11,"column":93}},"4":{"start":{"line":13,"column":21},"end":{"line":35,"column":1}},"5":{"start":{"line":14,"column":2},"end":{"line":19,"column":3}},"6":{"start":{"line":15,"column":4},"end":{"line":18,"column":7}},"7":{"start":{"line":21,"column":15},"end":{"line":21,"column":79}},"8":{"start":{"line":21,"column":41},"end":{"line":21,"column":78}},"9":{"start":{"line":23,"column":2},"end":{"line":28,"column":3}},"10":{"start":{"line":24,"column":4},"end":{"line":27,"column":7}},"11":{"start":{"line":30,"column":2},"end":{"line":34,"column":5}},"12":{"start":{"line":37,"column":0},"end":{"line":37,"column":31}}},"fnMap":{"0":{"name":"_interopRequireDefault","decl":{"start":{"line":11,"column":9},"end":{"line":11,"column":31}},"loc":{"start":{"line":11,"column":37},"end":{"line":11,"column":95}},"line":11},"1":{"name":"(anonymous_1)","decl":{"start":{"line":13,"column":21},"end":{"line":13,"column":22}},"loc":{"start":{"line":13,"column":41},"end":{"line":35,"column":1}},"line":13},"2":{"name":"(anonymous_2)","decl":{"start":{"line":21,"column":36},"end":{"line":21,"column":37}},"loc":{"start":{"line":21,"column":41},"end":{"line":21,"column":78}},"line":21}},"branchMap":{"0":{"loc":{"start":{"line":11,"column":46},"end":{"line":11,"column":92}},"type":"cond-expr","locations":[{"start":{"line":11,"column":70},"end":{"line":11,"column":73}},{"start":{"line":11,"column":76},"end":{"line":11,"column":92}}],"line":11},"1":{"loc":{"start":{"line":11,"column":46},"end":{"line":11,"column":67}},"type":"binary-expr","locations":[{"start":{"line":11,"column":46},"end":{"line":11,"column":49}},{"start":{"line":11,"column":53},"end":{"line":11,"column":67}}],"line":11},"2":{"loc":{"start":{"line":14,"column":2},"end":{"line":19,"column":3}},"type":"if","locations":[{"start":{"line":14,"column":2},"end":{"line":19,"column":3}},{"start":{"line":14,"column":2},"end":{"line":19,"column":3}}],"line":14},"3":{"loc":{"start":{"line":23,"column":2},"end":{"line":28,"column":3}},"type":"if","locations":[{"start":{"line":23,"column":2},"end":{"line":28,"column":3}},{"start":{"line":23,"column":2},"end":{"line":28,"column":3}}],"line":23}},"s":{"0":1,"1":1,"2":1,"3":1,"4":1,"5":2,"6":0,"7":2,"8":2,"9":2,"10":1,"11":1,"12":1},"f":{"0":1,"1":2,"2":2},"b":{"0":[1,0],"1":[1,1],"2":[0,2],"3":[1,1]},"_coverageSchema":"43e27e138ebf9cfc5966b082cf9a028302ed4184","hash":"37d070ccc9c79e3bc9b6a45c677906b54543a9f4","contentHash":"33bef0d8f8c339475d2c042b01db26f0165e5d3607227babb2b91af6a64c7d92"},"C:\\Users\\KABUNDEGE\\Desktop\\server\\server\\controllers\\createTrip.js":{"path":"C:\\Users\\KABUNDEGE\\Desktop\\server\\server\\controllers\\createTrip.js","statementMap":{"0":{"start":{"line":3,"column":0},"end":{"line":5,"column":3}},"1":{"start":{"line":7,"column":13},"end":{"line":7,"column":39}},"2":{"start":{"line":9,"column":14},"end":{"line":9,"column":44}},"3":{"start":{"line":11,"column":39},"end":{"line":11,"column":93}},"4":{"start":{"line":13,"column":19},"end":{"line":50,"column":1}},"5":{"start":{"line":14,"column":2},"end":{"line":19,"column":3}},"6":{"start":{"line":15,"column":4},"end":{"line":18,"column":7}},"7":{"start":{"line":21,"column":14},"end":{"line":21,"column":69}},"8":{"start":{"line":21,"column":40},"end":{"line":21,"column":68}},"9":{"start":{"line":23,"column":14},"end":{"line":23,"column":79}},"10":{"start":{"line":23,"column":40},"end":{"line":23,"column":78}},"11":{"start":{"line":25,"column":2},"end":{"line":30,"column":3}},"12":{"start":{"line":26,"column":4},"end":{"line":29,"column":7}},"13":{"start":{"line":32,"column":18},"end":{"line":41,"column":3}},"14":{"start":{"line":43,"column":2},"end":{"line":43,"column":32}},"15":{"start":{"line":45,"column":2},"end":{"line":49,"column":5}},"16":{"start":{"line":52,"column":0},"end":{"line":52,"column":29}}},"fnMap":{"0":{"name":"_interopRequireDefault","decl":{"start":{"line":11,"column":9},"end":{"line":11,"column":31}},"loc":{"start":{"line":11,"column":37},"end":{"line":11,"column":95}},"line":11},"1":{"name":"(anonymous_1)","decl":{"start":{"line":13,"column":19},"end":{"line":13,"column":20}},"loc":{"start":{"line":13,"column":39},"end":{"line":50,"column":1}},"line":13},"2":{"name":"(anonymous_2)","decl":{"start":{"line":21,"column":35},"end":{"line":21,"column":36}},"loc":{"start":{"line":21,"column":40},"end":{"line":21,"column":68}},"line":21},"3":{"name":"(anonymous_3)","decl":{"start":{"line":23,"column":35},"end":{"line":23,"column":36}},"loc":{"start":{"line":23,"column":40},"end":{"line":23,"column":78}},"line":23}},"branchMap":{"0":{"loc":{"start":{"line":11,"column":46},"end":{"line":11,"column":92}},"type":"cond-expr","locations":[{"start":{"line":11,"column":70},"end":{"line":11,"column":73}},{"start":{"line":11,"column":76},"end":{"line":11,"column":92}}],"line":11},"1":{"loc":{"start":{"line":11,"column":46},"end":{"line":11,"column":67}},"type":"binary-expr","locations":[{"start":{"line":11,"column":46},"end":{"line":11,"column":49}},{"start":{"line":11,"column":53},"end":{"line":11,"column":67}}],"line":11},"2":{"loc":{"start":{"line":14,"column":2},"end":{"line":19,"column":3}},"type":"if","locations":[{"start":{"line":14,"column":2},"end":{"line":19,"column":3}},{"start":{"line":14,"column":2},"end":{"line":19,"column":3}}],"line":14},"3":{"loc":{"start":{"line":25,"column":2},"end":{"line":30,"column":3}},"type":"if","locations":[{"start":{"line":25,"column":2},"end":{"line":30,"column":3}},{"start":{"line":25,"column":2},"end":{"line":30,"column":3}}],"line":25},"4":{"loc":{"start":{"line":25,"column":6},"end":{"line":25,"column":16}},"type":"binary-expr","locations":[{"start":{"line":25,"column":6},"end":{"line":25,"column":9}},{"start":{"line":25,"column":13},"end":{"line":25,"column":16}}],"line":25}},"s":{"0":1,"1":1,"2":1,"3":1,"4":1,"5":4,"6":1,"7":3,"8":3,"9":3,"10":2,"11":3,"12":1,"13":2,"14":2,"15":2,"16":1},"f":{"0":1,"1":4,"2":3,"3":2},"b":{"0":[1,0],"1":[1,1],"2":[1,3],"3":[1,2],"4":[3,2]},"_coverageSchema":"43e27e138ebf9cfc5966b082cf9a028302ed4184","hash":"dfe81c9078fdb728d0d240eee1807d5c1930afc3","contentHash":"169ec87fbdbd810aa3fc9cfcef1bf7748180384535c13dcbcb2ff68c7e221433"},"C:\\Users\\KABUNDEGE\\Desktop\\server\\server\\routes\\user.js":{"path":"C:\\Users\\KABUNDEGE\\Desktop\\server\\server\\routes\\user.js","statementMap":{"0":{"start":{"line":3,"column":0},"end":{"line":5,"column":3}},"1":{"start":{"line":7,"column":15},"end":{"line":7,"column":33}},"2":{"start":{"line":9,"column":16},"end":{"line":9,"column":48}},"3":{"start":{"line":11,"column":13},"end":{"line":11,"column":44}},"4":{"start":{"line":13,"column":14},"end":{"line":13,"column":44}},"5":{"start":{"line":15,"column":14},"end":{"line":15,"column":46}},"6":{"start":{"line":17,"column":15},"end":{"line":17,"column":46}},"7":{"start":{"line":19,"column":23},"end":{"line":19,"column":63}},"8":{"start":{"line":21,"column":24},"end":{"line":21,"column":64}},"9":{"start":{"line":23,"column":24},"end":{"line":23,"column":65}},"10":{"start":{"line":25,"column":25},"end":{"line":25,"column":66}},"11":{"start":{"line":27,"column":39},"end":{"line":27,"column":93}},"12":{"start":{"line":29,"column":14},"end":{"line":29,"column":40}},"13":{"start":{"line":31,"column":0},"end":{"line":31,"column":80}},"14":{"start":{"line":32,"column":0},"end":{"line":32,"column":78}},"15":{"start":{"line":33,"column":0},"end":{"line":33,"column":24}}},"fnMap":{"0":{"name":"_interopRequireDefault","decl":{"start":{"line":27,"column":9},"end":{"line":27,"column":31}},"loc":{"start":{"line":27,"column":37},"end":{"line":27,"column":95}},"line":27}},"branchMap":{"0":{"loc":{"start":{"line":27,"column":46},"end":{"line":27,"column":92}},"type":"cond-expr","locations":[{"start":{"line":27,"column":70},"end":{"line":27,"column":73}},{"start":{"line":27,"column":76},"end":{"line":27,"column":92}}],"line":27},"1":{"loc":{"start":{"line":27,"column":46},"end":{"line":27,"column":67}},"type":"binary-expr","locations":[{"start":{"line":27,"column":46},"end":{"line":27,"column":49}},{"start":{"line":27,"column":53},"end":{"line":27,"column":67}}],"line":27}},"s":{"0":1,"1":1,"2":1,"3":1,"4":1,"5":1,"6":1,"7":1,"8":1,"9":1,"10":1,"11":5,"12":1,"13":1,"14":1,"15":1},"f":{"0":5},"b":{"0":[4,1],"1":[5,5]},"_coverageSchema":"43e27e138ebf9cfc5966b082cf9a028302ed4184","hash":"506f3b6447e5c5ee0ed8104e1f2f5b5095bc3f60","contentHash":"8d86a7cf1d2627995c38e6aa6a4f46afa99ca351a44b6abf99f14727a69104e2"},"C:\\Users\\KABUNDEGE\\Desktop\\server\\server\\controllers\\login.js":{"path":"C:\\Users\\KABUNDEGE\\Desktop\\server\\server\\controllers\\login.js","statementMap":{"0":{"start":{"line":3,"column":0},"end":{"line":5,"column":3}},"1":{"start":{"line":7,"column":13},"end":{"line":7,"column":39}},"2":{"start":{"line":9,"column":14},"end":{"line":9,"column":44}},"3":{"start":{"line":11,"column":14},"end":{"line":11,"column":31}},"4":{"start":{"line":13,"column":15},"end":{"line":13,"column":46}},"5":{"start":{"line":15,"column":20},"end":{"line":15,"column":43}},"6":{"start":{"line":17,"column":21},"end":{"line":17,"column":58}},"7":{"start":{"line":19,"column":39},"end":{"line":19,"column":93}},"8":{"start":{"line":21,"column":14},"end":{"line":51,"column":1}},"9":{"start":{"line":22,"column":15},"end":{"line":22,"column":68}},"10":{"start":{"line":22,"column":41},"end":{"line":22,"column":67}},"11":{"start":{"line":24,"column":2},"end":{"line":29,"column":3}},"12":{"start":{"line":25,"column":4},"end":{"line":28,"column":7}},"13":{"start":{"line":32,"column":19},"end":{"line":32,"column":83}},"14":{"start":{"line":34,"column":2},"end":{"line":39,"column":3}},"15":{"start":{"line":35,"column":4},"end":{"line":38,"column":7}},"16":{"start":{"line":41,"column":16},"end":{"line":45,"column":27}},"17":{"start":{"line":47,"column":2},"end":{"line":50,"column":5}},"18":{"start":{"line":53,"column":0},"end":{"line":53,"column":24}}},"fnMap":{"0":{"name":"_interopRequireDefault","decl":{"start":{"line":19,"column":9},"end":{"line":19,"column":31}},"loc":{"start":{"line":19,"column":37},"end":{"line":19,"column":95}},"line":19},"1":{"name":"(anonymous_1)","decl":{"start":{"line":21,"column":14},"end":{"line":21,"column":15}},"loc":{"start":{"line":21,"column":34},"end":{"line":51,"column":1}},"line":21},"2":{"name":"(anonymous_2)","decl":{"start":{"line":22,"column":36},"end":{"line":22,"column":37}},"loc":{"start":{"line":22,"column":41},"end":{"line":22,"column":67}},"line":22}},"branchMap":{"0":{"loc":{"start":{"line":19,"column":46},"end":{"line":19,"column":92}},"type":"cond-expr","locations":[{"start":{"line":19,"column":70},"end":{"line":19,"column":73}},{"start":{"line":19,"column":76},"end":{"line":19,"column":92}}],"line":19},"1":{"loc":{"start":{"line":19,"column":46},"end":{"line":19,"column":67}},"type":"binary-expr","locations":[{"start":{"line":19,"column":46},"end":{"line":19,"column":49}},{"start":{"line":19,"column":53},"end":{"line":19,"column":67}}],"line":19},"2":{"loc":{"start":{"line":24,"column":2},"end":{"line":29,"column":3}},"type":"if","locations":[{"start":{"line":24,"column":2},"end":{"line":29,"column":3}},{"start":{"line":24,"column":2},"end":{"line":29,"column":3}}],"line":24},"3":{"loc":{"start":{"line":34,"column":2},"end":{"line":39,"column":3}},"type":"if","locations":[{"start":{"line":34,"column":2},"end":{"line":39,"column":3}},{"start":{"line":34,"column":2},"end":{"line":39,"column":3}}],"line":34}},"s":{"0":1,"1":1,"2":1,"3":1,"4":1,"5":1,"6":1,"7":3,"8":1,"9":8,"10":8,"11":8,"12":3,"13":5,"14":2,"15":2,"16":0,"17":0,"18":1},"f":{"0":3,"1":8,"2":8},"b":{"0":[1,2],"1":[3,3],"2":[3,5],"3":[2,0]},"_coverageSchema":"43e27e138ebf9cfc5966b082cf9a028302ed4184","hash":"918e229878dcb8cf6e0407df4bb105b3bd28c821","contentHash":"5d9d192ad972592cd376a0f7638e2dfeeb977681c069a0d34053f547becf459f"},"C:\\Users\\KABUNDEGE\\Desktop\\server\\server\\controllers\\signup.js":{"path":"C:\\Users\\KABUNDEGE\\Desktop\\server\\server\\controllers\\signup.js","statementMap":{"0":{"start":{"line":3,"column":0},"end":{"line":5,"column":3}},"1":{"start":{"line":7,"column":14},"end":{"line":7,"column":31}},"2":{"start":{"line":9,"column":15},"end":{"line":9,"column":46}},"3":{"start":{"line":11,"column":20},"end":{"line":11,"column":43}},"4":{"start":{"line":13,"column":21},"end":{"line":13,"column":58}},"5":{"start":{"line":15,"column":13},"end":{"line":15,"column":39}},"6":{"start":{"line":17,"column":14},"end":{"line":17,"column":44}},"7":{"start":{"line":19,"column":39},"end":{"line":19,"column":93}},"8":{"start":{"line":21,"column":15},"end":{"line":60,"column":1}},"9":{"start":{"line":22,"column":13},"end":{"line":22,"column":66}},"10":{"start":{"line":22,"column":39},"end":{"line":22,"column":65}},"11":{"start":{"line":24,"column":2},"end":{"line":29,"column":3}},"12":{"start":{"line":25,"column":4},"end":{"line":28,"column":7}},"13":{"start":{"line":31,"column":18},"end":{"line":38,"column":3}},"14":{"start":{"line":40,"column":16},"end":{"line":44,"column":27}},"15":{"start":{"line":46,"column":2},"end":{"line":46,"column":29}},"16":{"start":{"line":48,"column":2},"end":{"line":48,"column":32}},"17":{"start":{"line":50,"column":2},"end":{"line":59,"column":5}},"18":{"start":{"line":62,"column":0},"end":{"line":62,"column":25}}},"fnMap":{"0":{"name":"_interopRequireDefault","decl":{"start":{"line":19,"column":9},"end":{"line":19,"column":31}},"loc":{"start":{"line":19,"column":37},"end":{"line":19,"column":95}},"line":19},"1":{"name":"(anonymous_1)","decl":{"start":{"line":21,"column":15},"end":{"line":21,"column":16}},"loc":{"start":{"line":21,"column":35},"end":{"line":60,"column":1}},"line":21},"2":{"name":"(anonymous_2)","decl":{"start":{"line":22,"column":34},"end":{"line":22,"column":35}},"loc":{"start":{"line":22,"column":39},"end":{"line":22,"column":65}},"line":22}},"branchMap":{"0":{"loc":{"start":{"line":19,"column":46},"end":{"line":19,"column":92}},"type":"cond-expr","locations":[{"start":{"line":19,"column":70},"end":{"line":19,"column":73}},{"start":{"line":19,"column":76},"end":{"line":19,"column":92}}],"line":19},"1":{"loc":{"start":{"line":19,"column":46},"end":{"line":19,"column":67}},"type":"binary-expr","locations":[{"start":{"line":19,"column":46},"end":{"line":19,"column":49}},{"start":{"line":19,"column":53},"end":{"line":19,"column":67}}],"line":19},"2":{"loc":{"start":{"line":24,"column":2},"end":{"line":29,"column":3}},"type":"if","locations":[{"start":{"line":24,"column":2},"end":{"line":29,"column":3}},{"start":{"line":24,"column":2},"end":{"line":29,"column":3}}],"line":24}},"s":{"0":1,"1":1,"2":1,"3":1,"4":1,"5":1,"6":1,"7":3,"8":1,"9":2,"10":1,"11":2,"12":1,"13":1,"14":1,"15":1,"16":1,"17":1,"18":1},"f":{"0":3,"1":2,"2":1},"b":{"0":[1,2],"1":[3,3],"2":[1,1]},"_coverageSchema":"43e27e138ebf9cfc5966b082cf9a028302ed4184","hash":"265881b3f83c7b7d4fd2182e2aff699c72e8e55c","contentHash":"ed6cc1c4545a3494ca8fb91d4ffa2fd47021b89839719a6b89b34591f79e319a"},"C:\\Users\\KABUNDEGE\\Desktop\\server\\server\\middleware\\login_validater.js":{"path":"C:\\Users\\KABUNDEGE\\Desktop\\server\\server\\middleware\\login_validater.js","statementMap":{"0":{"start":{"line":3,"column":0},"end":{"line":5,"column":3}},"1":{"start":{"line":7,"column":11},"end":{"line":7,"column":31}},"2":{"start":{"line":9,"column":12},"end":{"line":9,"column":40}},"3":{"start":{"line":11,"column":39},"end":{"line":11,"column":93}},"4":{"start":{"line":14,"column":17},"end":{"line":19,"column":3}},"5":{"start":{"line":23,"column":6},"end":{"line":23,"column":46}},"6":{"start":{"line":25,"column":2},"end":{"line":30,"column":3}},"7":{"start":{"line":26,"column":4},"end":{"line":29,"column":7}},"8":{"start":{"line":32,"column":2},"end":{"line":32,"column":9}},"9":{"start":{"line":35,"column":0},"end":{"line":35,"column":31}}},"fnMap":{"0":{"name":"_interopRequireDefault","decl":{"start":{"line":11,"column":9},"end":{"line":11,"column":31}},"loc":{"start":{"line":11,"column":37},"end":{"line":11,"column":95}},"line":11},"1":{"name":"validateUser","decl":{"start":{"line":13,"column":9},"end":{"line":13,"column":21}},"loc":{"start":{"line":13,"column":38},"end":{"line":33,"column":1}},"line":13}},"branchMap":{"0":{"loc":{"start":{"line":11,"column":46},"end":{"line":11,"column":92}},"type":"cond-expr","locations":[{"start":{"line":11,"column":70},"end":{"line":11,"column":73}},{"start":{"line":11,"column":76},"end":{"line":11,"column":92}}],"line":11},"1":{"loc":{"start":{"line":11,"column":46},"end":{"line":11,"column":67}},"type":"binary-expr","locations":[{"start":{"line":11,"column":46},"end":{"line":11,"column":49}},{"start":{"line":11,"column":53},"end":{"line":11,"column":67}}],"line":11},"2":{"loc":{"start":{"line":25,"column":2},"end":{"line":30,"column":3}},"type":"if","locations":[{"start":{"line":25,"column":2},"end":{"line":30,"column":3}},{"start":{"line":25,"column":2},"end":{"line":30,"column":3}}],"line":25}},"s":{"0":1,"1":1,"2":1,"3":1,"4":13,"5":13,"6":13,"7":5,"8":8,"9":1},"f":{"0":1,"1":13},"b":{"0":[0,1],"1":[1,1],"2":[5,8]},"_coverageSchema":"43e27e138ebf9cfc5966b082cf9a028302ed4184","hash":"1a2e0746754c6d27b81fd8d6d68d85b73a023930","contentHash":"b27ecb6bfef0c95a0e0c8d58541a4347eb0a333ad8082e9de86f838b52c2018e"},"C:\\Users\\KABUNDEGE\\Desktop\\server\\server\\middleware\\signup_Validater.js":{"path":"C:\\Users\\KABUNDEGE\\Desktop\\server\\server\\middleware\\signup_Validater.js","statementMap":{"0":{"start":{"line":3,"column":0},"end":{"line":5,"column":3}},"1":{"start":{"line":7,"column":11},"end":{"line":7,"column":31}},"2":{"start":{"line":9,"column":12},"end":{"line":9,"column":40}},"3":{"start":{"line":11,"column":39},"end":{"line":11,"column":93}},"4":{"start":{"line":14,"column":17},"end":{"line":22,"column":3}},"5":{"start":{"line":26,"column":6},"end":{"line":26,"column":46}},"6":{"start":{"line":28,"column":2},"end":{"line":33,"column":3}},"7":{"start":{"line":29,"column":4},"end":{"line":32,"column":7}},"8":{"start":{"line":35,"column":2},"end":{"line":35,"column":9}},"9":{"start":{"line":38,"column":0},"end":{"line":38,"column":31}}},"fnMap":{"0":{"name":"_interopRequireDefault","decl":{"start":{"line":11,"column":9},"end":{"line":11,"column":31}},"loc":{"start":{"line":11,"column":37},"end":{"line":11,"column":95}},"line":11},"1":{"name":"validateUser","decl":{"start":{"line":13,"column":9},"end":{"line":13,"column":21}},"loc":{"start":{"line":13,"column":38},"end":{"line":36,"column":1}},"line":13}},"branchMap":{"0":{"loc":{"start":{"line":11,"column":46},"end":{"line":11,"column":92}},"type":"cond-expr","locations":[{"start":{"line":11,"column":70},"end":{"line":11,"column":73}},{"start":{"line":11,"column":76},"end":{"line":11,"column":92}}],"line":11},"1":{"loc":{"start":{"line":11,"column":46},"end":{"line":11,"column":67}},"type":"binary-expr","locations":[{"start":{"line":11,"column":46},"end":{"line":11,"column":49}},{"start":{"line":11,"column":53},"end":{"line":11,"column":67}}],"line":11},"2":{"loc":{"start":{"line":28,"column":2},"end":{"line":33,"column":3}},"type":"if","locations":[{"start":{"line":28,"column":2},"end":{"line":33,"column":3}},{"start":{"line":28,"column":2},"end":{"line":33,"column":3}}],"line":28}},"s":{"0":1,"1":1,"2":1,"3":1,"4":19,"5":19,"6":19,"7":17,"8":2,"9":1},"f":{"0":1,"1":19},"b":{"0":[0,1],"1":[1,1],"2":[17,2]},"_coverageSchema":"43e27e138ebf9cfc5966b082cf9a028302ed4184","hash":"3a5b910706c5252679767efb3788fd0bb5b102fa","contentHash":"bd14b490282d910a0e48bf107b22b730cad741b45a82f9730c663b9717838438"},"C:\\Users\\KABUNDEGE\\Desktop\\server\\server\\routes\\Trips.js":{"path":"C:\\Users\\KABUNDEGE\\Desktop\\server\\server\\routes\\Trips.js","statementMap":{"0":{"start":{"line":3,"column":0},"end":{"line":5,"column":3}},"1":{"start":{"line":7,"column":15},"end":{"line":7,"column":33}},"2":{"start":{"line":9,"column":16},"end":{"line":9,"column":48}},"3":{"start":{"line":11,"column":12},"end":{"line":11,"column":38}},"4":{"start":{"line":13,"column":13},"end":{"line":13,"column":42}},"5":{"start":{"line":15,"column":24},"end":{"line":15,"column":65}},"6":{"start":{"line":17,"column":25},"end":{"line":17,"column":66}},"7":{"start":{"line":19,"column":19},"end":{"line":19,"column":56}},"8":{"start":{"line":21,"column":20},"end":{"line":21,"column":56}},"9":{"start":{"line":23,"column":18},"end":{"line":23,"column":54}},"10":{"start":{"line":25,"column":19},"end":{"line":25,"column":54}},"11":{"start":{"line":27,"column":20},"end":{"line":27,"column":58}},"12":{"start":{"line":29,"column":21},"end":{"line":29,"column":58}},"13":{"start":{"line":31,"column":18},"end":{"line":31,"column":54}},"14":{"start":{"line":33,"column":19},"end":{"line":33,"column":54}},"15":{"start":{"line":35,"column":39},"end":{"line":35,"column":93}},"16":{"start":{"line":37,"column":14},"end":{"line":37,"column":40}},"17":{"start":{"line":39,"column":0},"end":{"line":39,"column":66}},"18":{"start":{"line":40,"column":0},"end":{"line":40,"column":71}},"19":{"start":{"line":41,"column":0},"end":{"line":41,"column":71}},"20":{"start":{"line":42,"column":0},"end":{"line":42,"column":94}},"21":{"start":{"line":43,"column":0},"end":{"line":43,"column":24}}},"fnMap":{"0":{"name":"_interopRequireDefault","decl":{"start":{"line":35,"column":9},"end":{"line":35,"column":31}},"loc":{"start":{"line":35,"column":37},"end":{"line":35,"column":95}},"line":35}},"branchMap":{"0":{"loc":{"start":{"line":35,"column":46},"end":{"line":35,"column":92}},"type":"cond-expr","locations":[{"start":{"line":35,"column":70},"end":{"line":35,"column":73}},{"start":{"line":35,"column":76},"end":{"line":35,"column":92}}],"line":35},"1":{"loc":{"start":{"line":35,"column":46},"end":{"line":35,"column":67}},"type":"binary-expr","locations":[{"start":{"line":35,"column":46},"end":{"line":35,"column":49}},{"start":{"line":35,"column":53},"end":{"line":35,"column":67}}],"line":35}},"s":{"0":1,"1":1,"2":1,"3":1,"4":1,"5":1,"6":1,"7":1,"8":1,"9":1,"10":1,"11":1,"12":1,"13":1,"14":1,"15":7,"16":1,"17":1,"18":1,"19":1,"20":1,"21":1},"f":{"0":7},"b":{"0":[6,1],"1":[7,7]},"_coverageSchema":"43e27e138ebf9cfc5966b082cf9a028302ed4184","hash":"6a3b9fc862e0af88c3f3a29a64aefd5ab931cd4b","contentHash":"c273fcdbac7c0f11574bffbab30dc77853efdd6d31153ae062b35216582cc04d"},"C:\\Users\\KABUNDEGE\\Desktop\\server\\server\\tests\\trips.spec.js":{"path":"C:\\Users\\KABUNDEGE\\Desktop\\server\\server\\tests\\trips.spec.js","statementMap":{"0":{"start":{"line":3,"column":14},"end":{"line":3,"column":47}},"1":{"start":{"line":5,"column":15},"end":{"line":5,"column":46}},"2":{"start":{"line":7,"column":16},"end":{"line":7,"column":36}},"3":{"start":{"line":9,"column":17},"end":{"line":9,"column":50}},"4":{"start":{"line":11,"column":12},"end":{"line":11,"column":27}},"5":{"start":{"line":13,"column":13},"end":{"line":13,"column":42}},"6":{"start":{"line":15,"column":20},"end":{"line":15,"column":43}},"7":{"start":{"line":17,"column":21},"end":{"line":17,"column":58}},"8":{"start":{"line":19,"column":14},"end":{"line":19,"column":31}},"9":{"start":{"line":21,"column":15},"end":{"line":21,"column":46}},"10":{"start":{"line":23,"column":39},"end":{"line":23,"column":93}},"11":{"start":{"line":25,"column":0},"end":{"line":25,"column":26}},"12":{"start":{"line":27,"column":0},"end":{"line":27,"column":39}},"13":{"start":{"line":29,"column":0},"end":{"line":29,"column":24}},"14":{"start":{"line":31,"column":14},"end":{"line":40,"column":2}},"15":{"start":{"line":41,"column":0},"end":{"line":297,"column":3}},"16":{"start":{"line":42,"column":2},"end":{"line":64,"column":5}},"17":{"start":{"line":43,"column":18},"end":{"line":47,"column":29}},"18":{"start":{"line":49,"column":20},"end":{"line":57,"column":5}},"19":{"start":{"line":59,"column":4},"end":{"line":61,"column":7}},"20":{"start":{"line":60,"column":6},"end":{"line":60,"column":54}},"21":{"start":{"line":63,"column":4},"end":{"line":63,"column":11}},"22":{"start":{"line":65,"column":2},"end":{"line":87,"column":5}},"23":{"start":{"line":66,"column":18},"end":{"line":70,"column":29}},"24":{"start":{"line":72,"column":20},"end":{"line":80,"column":5}},"25":{"start":{"line":82,"column":4},"end":{"line":84,"column":7}},"26":{"start":{"line":83,"column":6},"end":{"line":83,"column":54}},"27":{"start":{"line":86,"column":4},"end":{"line":86,"column":11}},"28":{"start":{"line":88,"column":2},"end":{"line":110,"column":5}},"29":{"start":{"line":89,"column":18},"end":{"line":93,"column":29}},"30":{"start":{"line":95,"column":20},"end":{"line":103,"column":5}},"31":{"start":{"line":105,"column":4},"end":{"line":107,"column":7}},"32":{"start":{"line":106,"column":6},"end":{"line":106,"column":54}},"33":{"start":{"line":109,"column":4},"end":{"line":109,"column":11}},"34":{"start":{"line":111,"column":2},"end":{"line":128,"column":5}},"35":{"start":{"line":112,"column":18},"end":{"line":112,"column":20}},"36":{"start":{"line":113,"column":20},"end":{"line":121,"column":5}},"37":{"start":{"line":123,"column":4},"end":{"line":125,"column":7}},"38":{"start":{"line":124,"column":6},"end":{"line":124,"column":54}},"39":{"start":{"line":127,"column":4},"end":{"line":127,"column":11}},"40":{"start":{"line":129,"column":2},"end":{"line":151,"column":5}},"41":{"start":{"line":130,"column":18},"end":{"line":134,"column":29}},"42":{"start":{"line":136,"column":20},"end":{"line":144,"column":5}},"43":{"start":{"line":146,"column":4},"end":{"line":148,"column":7}},"44":{"start":{"line":147,"column":6},"end":{"line":147,"column":54}},"45":{"start":{"line":150,"column":4},"end":{"line":150,"column":11}},"46":{"start":{"line":152,"column":2},"end":{"line":174,"column":5}},"47":{"start":{"line":153,"column":18},"end":{"line":157,"column":29}},"48":{"start":{"line":159,"column":20},"end":{"line":167,"column":5}},"49":{"start":{"line":169,"column":4},"end":{"line":171,"column":7}},"50":{"start":{"line":170,"column":6},"end":{"line":170,"column":54}},"51":{"start":{"line":173,"column":4},"end":{"line":173,"column":11}},"52":{"start":{"line":175,"column":2},"end":{"line":187,"column":5}},"53":{"start":{"line":176,"column":18},"end":{"line":180,"column":29}},"54":{"start":{"line":182,"column":4},"end":{"line":184,"column":7}},"55":{"start":{"line":183,"column":6},"end":{"line":183,"column":54}},"56":{"start":{"line":186,"column":4},"end":{"line":186,"column":11}},"57":{"start":{"line":188,"column":2},"end":{"line":200,"column":5}},"58":{"start":{"line":189,"column":18},"end":{"line":193,"column":29}},"59":{"start":{"line":195,"column":4},"end":{"line":197,"column":7}},"60":{"start":{"line":196,"column":6},"end":{"line":196,"column":54}},"61":{"start":{"line":199,"column":4},"end":{"line":199,"column":11}},"62":{"start":{"line":201,"column":2},"end":{"line":213,"column":5}},"63":{"start":{"line":202,"column":18},"end":{"line":206,"column":29}},"64":{"start":{"line":208,"column":4},"end":{"line":210,"column":7}},"65":{"start":{"line":209,"column":6},"end":{"line":209,"column":54}},"66":{"start":{"line":212,"column":4},"end":{"line":212,"column":11}},"67":{"start":{"line":214,"column":2},"end":{"line":226,"column":5}},"68":{"start":{"line":215,"column":18},"end":{"line":219,"column":29}},"69":{"start":{"line":221,"column":4},"end":{"line":223,"column":7}},"70":{"start":{"line":222,"column":6},"end":{"line":222,"column":54}},"71":{"start":{"line":225,"column":4},"end":{"line":225,"column":11}},"72":{"start":{"line":227,"column":2},"end":{"line":239,"column":5}},"73":{"start":{"line":228,"column":18},"end":{"line":232,"column":29}},"74":{"start":{"line":234,"column":4},"end":{"line":236,"column":7}},"75":{"start":{"line":235,"column":6},"end":{"line":23
[...]
line":260,"column":2},"end":{"line":273,"column":5}},"100":{"start":{"line":261,"column":20},"end":{"line":266,"column":5}},"101":{"start":{"line":268,"column":4},"end":{"line":270,"column":7}},"102":{"start":{"line":269,"column":6},"end":{"line":269,"column":54}},"103":{"start":{"line":272,"column":4},"end":{"line":272,"column":11}},"104":{"start":{"line":274,"column":2},"end":{"line":287,"column":5}},"105":{"start":{"line":275,"column":20},"end":{"line":280,"column":5}},"106":{"start":{"line":282,"column":4},"end":{"line":284,"column":7}},"107":{"start":{"line":283,"column":6},"end":{"line":283,"column":54}},"108":{"start":{"line":286,"column":4},"end":{"line":286,"column":11}},"109":{"start":{"line":288,"column":2},"end":{"line":301,"column":5}},"110":{"start":{"line":289,"column":20},"end":{"line":294,"column":5}},"111":{"start":{"line":296,"column":4},"end":{"line":298,"column":7}},"112":{"start":{"line":297,"column":6},"end":{"line":297,"column":54}},"113":{"start":{"line":300,"column":4},"end":{"line":300,"column":11}},"114":{"start":{"line":302,"column":2},"end":{"line":313,"column":5}},"115":{"start":{"line":303,"column":20},"end":{"line":306,"column":5}},"116":{"start":{"line":308,"column":4},"end":{"line":310,"column":7}},"117":{"start":{"line":309,"column":6},"end":{"line":309,"column":54}},"118":{"start":{"line":312,"column":4},"end":{"line":312,"column":11}},"119":{"start":{"line":314,"column":2},"end":{"line":325,"column":5}},"120":{"start":{"line":315,"column":20},"end":{"line":318,"column":5}},"121":{"start":{"line":320,"column":4},"end":{"line":322,"column":7}},"122":{"start":{"line":321,"column":6},"end":{"line":321,"column":54}},"123":{"start":{"line":324,"column":4},"end":{"line":324,"column":11}},"124":{"start":{"line":326,"column":2},"end":{"line":337,"column":5}},"125":{"start":{"line":327,"column":20},"end":{"line":330,"column":5}},"126":{"start":{"line":332,"column":4},"end":{"line":334,"column":7}},"127":{"start":{"line":333,"column":6},"end":{"line":333,"column":54}},"128":{"start":{"line":336,"column":4},"end":{"line":336,"column":11}},"129":{"start":{"line":338,"column":2},"end":{"line":349,"column":5}},"130":{"start":{"line":339,"column":20},"end":{"line":342,"column":5}},"131":{"start":{"line":344,"column":4},"end":{"line":346,"column":7}},"132":{"start":{"line":345,"column":6},"end":{"line":345,"column":54}},"133":{"start":{"line":348,"column":4},"end":{"line":348,"column":11}},"134":{"start":{"line":350,"column":2},"end":{"line":361,"column":5}},"135":{"start":{"line":351,"column":20},"end":{"line":354,"column":5}},"136":{"start":{"line":356,"column":4},"end":{"line":358,"column":7}},"137":{"start":{"line":357,"column":6},"end":{"line":357,"column":54}},"138":{"start":{"line":360,"column":4},"end":{"line":360,"column":11}},"139":{"start":{"line":362,"column":2},"end":{"line":373,"column":5}},"140":{"start":{"line":363,"column":20},"end":{"line":366,"column":5}},"141":{"start":{"line":368,"column":4},"end":{"line":370,"column":7}},"142":{"start":{"line":369,"column":6},"end":{"line":369,"column":54}},"143":{"start":{"line":372,"column":4},"end":{"line":372,"column":11}},"144":{"start":{"line":374,"column":2},"end":{"line":385,"column":5}},"145":{"start":{"line":375,"column":20},"end":{"line":378,"column":5}},"146":{"start":{"line":380,"column":4},"end":{"line":382,"column":7}},"147":{"start":{"line":381,"column":6},"end":{"line":381,"column":54}},"148":{"start":{"line":384,"column":4},"end":{"line":384,"column":11}},"149":{"start":{"line":386,"column":2},"end":{"line":397,"column":5}},"150":{"start":{"line":387,"column":20},"end":{"line":390,"column":5}},"151":{"start":{"line":392,"column":4},"end":{"line":394,"column":7}},"152":{"start":{"line":393,"column":6},"end":{"line":393,"column":54}},"153":{"start":{"line":396,"column":4},"end":{"line":396,"column":11}},"154":{"start":{"line":398,"column":2},"end":{"line":409,"column":5}},"155":{"start":{"line":399,"column":20},"end":{"line":402,"column":5}},"156":{"start":{"line":404,"column":4},"end":{"line":406,"column":7}},"157":{"start":{"line":405,"column":6},"end":{"line":405,"column":54}},"158":{"start":{"line":408,"column":4},"end":{"line":408,"column":11}},"159":{"start":{"line":410,"column":2},"end":{"line":421,"column":5}},"160":{"start":{"line":411,"column":20},"end":{"line":414,"column":5}},"161":{"start":{"line":416,"column":4},"end":{"line":418,"column":7}},"162":{"start":{"line":417,"column":6},"end":{"line":417,"column":54}},"163":{"start":{"line":420,"column":4},"end":{"line":420,"column":11}},"164":{"start":{"line":422,"column":2},"end":{"line":433,"column":5}},"165":{"start":{"line":423,"column":20},"end":{"line":426,"column":5}},"166":{"start":{"line":428,"column":4},"end":{"line":430,"column":7}},"167":{"start":{"line":429,"column":6},"end":{"line":429,"column":54}},"168":{"start":{"line":432,"column":4},"end":{"line":432,"column":11}},"169":{"start":{"line":434,"column":2},"end":{"line":445,"column":5}},"170":{"start":{"line":435,"column":20},"end":{"line":438,"column":5}},"171":{"start":{"line":440,"column":4},"end":{"line":442,"column":7}},"172":{"start":{"line":441,"column":6},"end":{"line":441,"column":54}},"173":{"start":{"line":444,"column":4},"end":{"line":444,"column":11}}},"fnMap":{"0":{"name":"_interopRequireDefault","decl":{"start":{"line":21,"column":9},"end":{"line":21,"column":31}},"loc":{"start":{"line":21,"column":37},"end":{"line":21,"column":95}},"line":21},"1":{"name":"(anonymous_1)","decl":{"start":{"line":29,"column":34},"end":{"line":29,"column":35}},"loc":{"start":{"line":29,"column":40},"end":{"line":446,"column":1}},"line":29},"2":{"name":"(anonymous_2)","decl":{"start":{"line":30,"column":50},"end":{"line":30,"column":51}},"loc":{"start":{"line":30,"column":58},"end":{"line":42,"column":3}},"line":30},"3":{"name":"(anonymous_3)","decl":{"start":{"line":38,"column":91},"end":{"line":38,"column":92}},"loc":{"start":{"line":38,"column":105},"end":{"line":41,"column":5}},"line":38},"4":{"name":"(anonymous_4)","decl":{"start":{"line":43,"column":54},"end":{"line":43,"column":55}},"loc":{"start":{"line":43,"column":62},"end":{"line":56,"column":3}},"line":43},"5":{"name":"(anonymous_5)","decl":{"start":{"line":51,"column":91},"end":{"line":51,"column":92}},"loc":{"start":{"line":51,"column":105},"end":{"line":53,"column":5}},"line":51},"6":{"name":"(anonymous_6)","decl":{"start":{"line":57,"column":51},"end":{"line":57,"column":52}},"loc":{"start":{"line":57,"column":59},"end":{"line":70,"column":3}},"line":57},"7":{"name":"(anonymous_7)","decl":{"start":{"line":65,"column":91},"end":{"line":65,"column":92}},"loc":{"start":{"line":65,"column":105},"end":{"line":67,"column":5}},"line":65},"8":{"name":"(anonymous_8)","decl":{"start":{"line":71,"column":59},"end":{"line":71,"column":60}},"loc":{"start":{"line":71,"column":67},"end":{"line":84,"column":3}},"line":71},"9":{"name":"(anonymous_9)","decl":{"start":{"line":79,"column":91},"end":{"line":79,"column":92}},"loc":{"start":{"line":79,"column":105},"end":{"line":81,"column":5}},"line":79},"10":{"name":"(anonymous_10)","decl":{"start":{"line":85,"column":60},"end":{"line":85,"column":61}},"loc":{"start":{"line":85,"column":68},"end":{"line":98,"column":3}},"line":85},"11":{"name":"(anonymous_11)","decl":{"start":{"line":93,"column":91},"end":{"line":93,"column":92}},"loc":{"start":{"line":93,"column":105},"end":{"line":95,"column":5}},"line":93},"12":{"name":"(anonymous_12)","decl":{"start":{"line":99,"column":93},"end":{"line":99,"column":94}},"loc":{"start":{"line":99,"column":101},"end":{"line":112,"column":3}},"line":99},"13":{"name":"(anonymous_13)","decl":{"start":{"line":107,"column":91},"end":{"line":107,"column":92}},"loc":{"start":{"line":107,"column":105},"end":{"line":109,"column":5}},"line":107},"14":{"name":"(anonymous_14)","decl":{"start":{"line":113,"column":89},"end":{"line":113,"column":90}},"loc":{"start":{"line":113,"column":97},"end":{"line":126,"column":3}},"line":113},"15":{"name":"(anonymous_15)","decl":{"start":{"line":121,"column":91},"end":{"line":121,"column":92}},"loc":{"start":{"line":121,"column":105},"end":{"line":123,"column":5}},"line":121},"16":{"name":"(anonymous_16)","decl":{"start":{"line":127,"column":93},"end":{"line":127,"column":94}},"loc":{"start":{"line":127,"column":101},"end":{"line":140,"column":3}},"line":127},"17":{"name":"(anonymous_17)","decl":{"start":{"line":135,"column":91},"end":{"line":135,"column":92}},"loc":{"start":{"line":135,"column":105},"end":{"line":137,"column":5}},"line":135},"18":{"name":"(anonymous_18)","decl":{"start":{"line":141,"column":71},"end":{"line":141,"column":72}},"loc":{"start":{"line":141,"column":79},"end":{"line":154,"column":3}},"line":141},"19":{"name":"(anonymous_19)","decl":{"start":{"line":149,"column":91},"end":{"line":149,"column":92}},"loc":{"start":{"line":149,"column":105},"end":{"line":151,"column":5}},"line":149},"20":{"name":"(anonymous_20)","decl":{"start":{"line":155,"column":61},"end":{"line":155,"column":62}},"loc":{"start":{"line":155,"column":69},"end":{"line":168,"column":3}},"line":155},"21":{"name":"(anonymous_21)","decl":{"start":{"line":163,"column":91},"end":{"line":163,"column":92}},"loc":{"start":{"line":163,"column":105},"end":{"line":165,"column":5}},"line":163},"22":{"name":"(anonymous_22)","decl":{"start":{"line":169,"column":90},"end":{"line":169,"column":91}},"loc":{"start":{"line":169,"column":98},"end":{"line":182,"column":3}},"line":169},"23":{"name":"(anonymous_23)","decl":{"start":{"line":177,"column":91},"end":{"line":177,"column":92}},"loc":{"start":{"line":177,"column":105},"end":{"line":179,"column":5}},"line":177},"24":{"name":"(anonymous_24)","decl":{"start":{"line":183,"column":72},"end":{"line":183,"column":73}},"loc":{"start":{"line":183,"column":80},"end":{"line":191,"column":3}},"line":183},"25":{"name":"(anonymous_25)","decl":{"start":{"line":186,"column":91},"end":{"line":186,"column":92}},"loc":{"start":{"line":186,"column":105},"end":{"line":188,"column":5}},"line":186},"26":{"name":"(anonymous_26)","decl":{"start":{"line":192,"column":77},"end":{"line":192,"column":78}},"loc":{"start":{"line":192,"column":85},"end":{"line":205,"column":3}},"line":192},"27":{"name":"(anonymous_27)","decl":{"start":{"line":200,"column":91},"end":{"line":200,"column":92}},"loc":{"start":{"line":200,"column":105},"end":{"line":202,"column":5}},"line":200},"28":{"name":"(anonymous_28)","decl":{"start":{"line":206,"column":60},"end":{"line":206,"column":61}},"loc":{"start":{"line":206,"column":68},"end":{"line":219,"column":3}},"line":206},"29":{"name":"(anonymous_29)","decl":{"start":{"line":214,"column":91},"end":{"line":214,"column":92}},"loc":{"start":{"line":214,"column":105},"end":{"line":216,"column":5}},"line":214},"30":{"name":"(anonymous_30)","decl":{"start":{"line":220,"column":60},"end":{"line":220,"column":61}},"loc":{"start":{"line":220,"column":68},"end":{"line":233,"column":3}},"line":220},"31":{"name":"(anonymous_31)","decl":{"start":{"line":228,"column":91},"end":{"line":228,"column":92}},"loc":{"start":{"line":228,"column":105},"end":{"line":230,"column":5}},"line":228},"32":{"name":"(anonymous_32)","decl":{"start":{"line":234,"column":52},"end":{"line":234,"column":53}},"loc":{"start":{"line":234,"column":60},"end":{"line":247,"column":3}},"line":234},"33":{"name":"(anonymous_33)","decl":{"start":{"line":242,"column":91},"end":{"line":242,"column":92}},"loc":{"start":{"line":242,"column":105},"end":{"line":244,"column":5}},"line":242},"34":{"name":"(anonymous_34)","decl":{"start":{"line":248,"column":64},"end":{"line":248,"column":65}},"loc":{"start":{"line":248,"column":72},"end":{"line":259,"column":3}},"line":248},"35":{"name":"(anonymous_35)","decl":{"start":{"line":254,"column":91},"end":{"line":254,"column":92}},"loc":{"start":{"line":254,"column":105},"end":{"line":256,"column":5}},"line":254},"36":{"name":"(anonymous_36)","decl":{"start":{"line":260,"column":60},"end":{"line":260,"column":61}},"loc":{"start":{"line":260,"column":68},"end":{"line":273,"column":3}},"line":260},"37":{"name":"(anonymous_37)","decl":{"start":{"line":268,"column":91},"end":{"line":268,"column":92}},"loc":{"start":{"line":268,"column":105},"end":{"line":270,"column":5}},"line":268},"38":{"name":"(anonymous_38)","decl":{"start":{"line":274,"column":60},"end":{"line":274,"column":61}},"loc":{"start":{"line":274,"column":68},"end":{"line":287,"column":3}},"line":274},"39":{"name":"(anonymous_39)","decl":{"start":{"line":282,"column":91},"end":{"line":282,"column":92}},"loc":{"start":{"line":282,"column":105},"end":{"line":284,"column":5}},"line":282},"40":{"name":"(anonymous_40)","decl":{"start":{"line":288,"column":60},"end":{"line":288,"column":61}},"loc":{"start":{"line":288,"column":68},"end":{"line":301,"column":3}},"line":288},"41":{"name":"(anonymous_41)","decl":{"start":{"line":296,"column":91},"end":{"line":296,"column":92}},"loc":{"start":{"line":296,"column":105},"end":{"line":298,"column":5}},"line":296},"42":{"name":"(anonymous_42)","decl":{"start":{"line":302,"column":51},"end":{"line":302,"column":52}},"loc":{"start":{"line":302,"column":59},"end":{"line":313,"column":3}},"line":302},"43":{"name":"(anonymous_43)","decl":{"start":{"line":308,"column":91},"end":{"line":308,"column":92}},"loc":{"start":{"line":308,"column":105},"end":{"line":310,"column":5}},"line":308},"44":{"name":"(anonymous_44)","decl":{"start":{"line":314,"column":49},"end":{"line":314,"column":50}},"loc":{"start":{"line":314,"column":57},"end":{"line":325,"column":3}},"line":314},"45":{"name":"(anonymous_45)","decl":{"start":{"line":320,"column":91},"end":{"line":320,"column":92}},"loc":{"start":{"line":320,"column":105},"end":{"line":322,"column":5}},"line":320},"46":{"name":"(anonymous_46)","decl":{"start":{"line":326,"column":52},"end":{"line":326,"column":53}},"loc":{"start":{"line":326,"column":60},"end":{"line":337,"column":3}},"line":326},"47":{"name":"(anonymous_47)","decl":{"start":{"line":332,"column":91},"end":{"line":332,"column":92}},"loc":{"start":{"line":332,"column":105},"end":{"line":334,"column":5}},"line":332},"48":{"name":"(anonymous_48)","decl":{"start":{"line":338,"column":60},"end":{"line":338,"column":61}},"loc":{"start":{"line":338,"column":68},"end":{"line":349,"column":3}},"line":338},"49":{"name":"(anonymous_49)","decl":{"start":{"line":344,"column":91},"end":{"line":344,"column":92}},"loc":{"start":{"line":344,"column":105},"end":{"line":346,"column":5}},"line":344},"50":{"name":"(anonymous_50)","decl":{"start":{"line":350,"column":60},"end":{"line":350,"column":61}},"loc":{"start":{"line":350,"column":68},"end":{"line":361,"column":3}},"line":350},"51":{"name":"(anonymous_51)","decl":{"start":{"line":356,"column":91},"end":{"line":356,"column":92}},"loc":{"start":{"line":356,"column":105},"end":{"line":358,"column":5}},"line":356},"52":{"name":"(anonymous_52)","decl":{"start":{"line":362,"column":55},"end":{"line":362,"column":56}},"loc":{"start":{"line":362,"column":63},"end":{"line":373,"column":3}},"line":362},"53":{"name":"(anonymous_53)","decl":{"start":{"line":368,"column":91},"end":{"line":368,"column":92}},"loc":{"start":{"line":368,"column":105},"end":{"line":370,"column":5}},"line":368},"54":{"name":"(anonymous_54)","decl":{"start":{"line":374,"column":49},"end":{"line":374,"column":50}},"loc":{"start":{"line":374,"column":57},"end":{"line":385,"column":3}},"line":374},"55":{"name":"(anonymous_55)","decl":{"start":{"line":380,"column":91},"end":{"line":380,"column":92}},"loc":{"start":{"line":380,"column":105},"end":{"line":382,"column":5}},"line":380},"56":{"name":"(anonymous_56)","decl":{"start":{"line":386,"column":51},"end":{"line":386,"column":52}},"loc":{"start":{"line":386,"column":59},"end":{"line":397,"column":3}},"line":386},"57":{"name":"(anonymous_57)","decl":{"start":{"line":392,"column":91},"end":{"line":392,"column":92}},"loc":{"start":{"line":392,"column":105},"end":{"line":394,"column":5}},"line":392},"58":{"name":"(anonymous_58)","decl":{"start":{"line":398,"column":68},"end":{"line":398,"column":69}},"loc":{"start":{"line":398,"column":76},"end":{"line":409,"column":3}},"line":398},"59":{"name":"(anonymous_59)","decl":{"start":{"line":404,"column":91},"end":{"line":404,"column":92}},"loc":{"start":{"line":404,"column":105},"end":{"line":406,"column":5}},"line":404},"60":{"name":"(anonymous_60)","decl":{"start":{"line":410,"column":51},"end":{"line":410,"column":52}},"loc":{"start":{"line":410,"column":59},"end":{"line":421,"column":3}},"line":410},"61":{"name":"(anonymous_61)","decl":{"start":{"line":416,"column":91},"end":{"line":416,"column":92}},"loc":{"start":{"line":416,"column":105},"end":{"line":418,"column":5}},"line":416},"62":{"name":"(anonymous_62)","decl":{"start":{"line":422,"column":51},"end":{"line":422,"column":52}},"loc":{"start":{"line":422,"column":59},"end":{"line":433,"column":3}},"line":422},"63":{"name":"(anonymous_63)","decl":{"start":{"line":428,"column":91},"end":{"line":428,"column":92}},"loc":{"start":{"line":428,"column":105},"end":{"line":430,"column":5}},"line":428},"64":{"name":"(anonymous_64)","decl":{"start":{"line":434,"column":50},"end":{"line":434,"column":51}},"loc":{"start":{"line":434,"column":58},"end":{"line":445,"column":3}},"line":434},"65":{"name":"(anonymous_65)","decl":{"start":{"line":440,"column":91},"end":{"line":440,"column":92}},"loc":{"start":{"line":440,"column":105},"end":{"line":442,"column":5}},"line":440}},"branchMap":{"0":{"loc":{"start":{"line":21,"column":46},"end":{"line":21,"column":92}},"type":"cond-expr","locations":[{"start":{"line":21,"column":70},"end":{"line":21,"column":73}},{"start":{"line":21,"column":76},"end":{"line":21,"column":92}}],"line":21},"1":{"loc":{"start":{"line":21,"column":46},"end":{"line":21,"column":67}},"type":"binary-expr","locations":[{"start":{"line":21,"column":46},"end":{"line":21,"column":49}},{"start":{"line":21,"column":53},"end":{"line":21,"column":67}}],"line":21}},"s":{"0":1,"1":1,"2":1,"3":1,"4":1,"5":1,"6":1,"7":1,"8":1,"9":4,"10":1,"11":1,"12":1,"13":1,"14":1,"15":1,"16":1,"17":1,"18":1,"19":1,"20":1,"21":1,"22":1,"23":1,"24":1,"25":1,"26":1,"27":1,"28":1,"29":1,"30":1,"31":1,"32":1,"33":1,"34":1,"35":1,"36":1,"37":1,"38":1,"39":1,"40":1,"41":1,"42":1,"43":1,"44":1,"45":1,"46":1,"47":1,"48":1,"49":1,"50":1,"51":1,"52":1,"53":1,"54":1,"55":1,"56":1,"57":1,"58":1,"59":1,"60":1,"61":1,"62":1,"63":1,"64":1,"65":1,"66":1,"67":1,"68":1,"69":1,"70":1,"71":1,"72":1,"73":1,"74":1,"75":1,"76":1,"77":1,"78":1,"79":1,"80":1,"81":1,"82":1,"83":1,"84":1,"85":1,"86":1,"87":1,"88":1,"89":1,"90":1,"91":1,"92":1,"93":1,"94":1,"95":1,"96":1,"97":1,"98":1,"99":1,"100":1,"101":1,"102":1,"103":1,"104":1,"105":1,"106":1,"107":1,"108":1,"109":1,"110":1,"111":1,"112":1,"113":1,"114":1,"115":1,"116":1,"117":1,"118":1,"119":1,"120":1,"121":1,"122":1,"123":1,"124":1,"125":1,"126":1,"127":1,"128":1,"129":1,"130":1,"131":1,"132":1,"133":1,"134":1,"135":1,"136":1,"137":1,"138":1,"139":1,"140":1,"141":1,"142":1,"143":1,"144":1,"145":1,"146":1,"147":1,"148":1,"149":1,"150":1,"151":1,"152":1,"153":1,"154":1,"155":1,"156":1,"157":1,"158":1,"159":1,"160":1,"161":1,"162":0,"163":1,"164":1,"165":1,"166":1,"167":0,"168":1,"169":1,"170":1,"171":1,"172":0,"173":1},"f":{"0":4,"1":1,"2":1,"3":1,"4":1,"5":1,"6":1,"7":1,"8":1,"9":1,"10":1,"11":1,"12":1,"13":1,"14":1,"15":1,"16":1,"17":1,"18":1,"19":1,"20":1,"21":1,"22":1,"23":1,"24":1,"25":1,"26":1,"27":1,"28":1,"29":1,"30":1,"31":1,"32":1,"33":1,"34":1,"35":1,"36":1,"37":1,"38":1,"39":1,"40":1,"41":1,"42":1,"43":1,"44":1,"45":1,"46":1,"47":1,"48":1,"49":1,"50":1,"51":1,"52":1,"53":1,"54":1,"55":1,"56":1,"57":1,"58":1,"59":1,"60":1,"61":0,"62":1,"63":0,"64":1,"65":0},"b":{"0":[1,3],"1":[4,4]},"_coverageSchema":"43e27e138ebf9cfc5966b082cf9a028302ed4184","hash":"2cfc8d58cb5c44d3512409242d12d5394be25c82","contentHash":"d00934415a0b88977b719ef98d2f0828f06ff06173ed55b3ba2f39bd042738cf"}}